[Licensing::Module] Trying to connect to existing licensing client channel...
Built from '6000.2/staging' branch; Version is '6000.2.10f1 (d3d30d158480) revision 13882125'; Using compiler version '194234433'; Build Type 'Release'
[Licensing::IpcConnector] Successfully connected to: "LicenseClient-jono2" at "2025-11-02T13:26:24.3366101Z"
OS: 'Windows 11  (10.0.26200) 64bit Core' Language: 'en' Physical Memory: 63139 MB
BatchMode: 1, IsHumanControllingUs: 0, StartBugReporterOnCrash: 0, Is64bit: 1
Date: 2025-11-02T13:26:24Z

COMMAND LINE ARGUMENTS:
C:\Program Files\Unity\Hub\Editor\6000.2.10f1\Editor\Unity.exe
-quit
-batchmode
-nographics
-projectPath
C:\Projects\santas-workshop\SantasWorkshopAutomation
-logFile
C:\Projects\santas-workshop\build_verification.log
-executeMethod
UnityEditor.EditorApplication.Exit
Successfully changed project path to: C:\Projects\santas-workshop\SantasWorkshopAutomation
C:/Projects/santas-workshop/SantasWorkshopAutomation
[UnityMemory] Configuration Parameters - Can be set up in boot.config
    "memorysetup-allocator-temp-initial-block-size-main=262144"
    "memorysetup-allocator-temp-initial-block-size-worker=262144"
    "memorysetup-bucket-allocator-granularity=16"
    "memorysetup-bucket-allocator-bucket-count=8"
    "memorysetup-bucket-allocator-block-size=33554432"
    "memorysetup-bucket-allocator-block-count=8"
    "memorysetup-main-allocator-block-size=16777216"
    "memorysetup-thread-allocator-block-size=16777216"
    "memorysetup-gfx-main-allocator-block-size=16777216"
    "memorysetup-gfx-thread-allocator-block-size=16777216"
    "memorysetup-cache-allocator-block-size=4194304"
    "memorysetup-typetree-allocator-block-size=2097152"
    "memorysetup-profiler-bucket-allocator-granularity=16"
    "memorysetup-profiler-bucket-allocator-bucket-count=8"
    "memorysetup-profiler-bucket-allocator-block-size=33554432"
    "memorysetup-profiler-bucket-allocator-block-count=8"
    "memorysetup-profiler-allocator-block-size=16777216"
    "memorysetup-profiler-editor-allocator-block-size=1048576"
    "memorysetup-temp-allocator-size-main=16777216"
    "memorysetup-job-temp-allocator-block-size=2097152"
    "memorysetup-job-temp-allocator-block-size-background=1048576"
    "memorysetup-job-temp-allocator-reduction-small-platforms=262144"
    "memorysetup-temp-allocator-size-background-worker=32768"
    "memorysetup-temp-allocator-size-job-worker=262144"
    "memorysetup-temp-allocator-size-preload-manager=33554432"
    "memorysetup-temp-allocator-size-nav-mesh-worker=65536"
    "memorysetup-temp-allocator-size-audio-worker=65536"
    "memorysetup-temp-allocator-size-cloud-worker=32768"
    "memorysetup-temp-allocator-size-gi-baking-worker=262144"
    "memorysetup-temp-allocator-size-gi-baking-worker=262144"
    "memorysetup-temp-allocator-size-gi-baking-worker=262144"
    "memorysetup-temp-allocator-size-gi-baking-worker=262144"
    "memorysetup-temp-allocator-size-gi-baking-worker=262144"
    "memorysetup-temp-allocator-size-gfx=262144"
Player connection [28072]  Target information:

Player connection [28072]  * "[IP] 192.168.1.100 [Port] 55504 [Flags] 2 [Guid] 3493065487 [EditorId] 3493065487 [Version] 1048832 [Id] WindowsEditor(7,URSA-MAJOR) [Debug] 1 [PackageName] WindowsEditor [ProjectName] Editor" 

Player connection [28072]  * "[IP] 192.168.56.1 [Port] 55504 [Flags] 2 [Guid] 3493065487 [EditorId] 3493065487 [Version] 1048832 [Id] WindowsEditor(7,URSA-MAJOR) [Debug] 1 [PackageName] WindowsEditor [ProjectName] Editor" 

Player connection [28072]  * "[IP] 172.30.192.1 [Port] 55504 [Flags] 2 [Guid] 3493065487 [EditorId] 3493065487 [Version] 1048832 [Id] WindowsEditor(7,URSA-MAJOR) [Debug] 1 [PackageName] WindowsEditor [ProjectName] Editor" 

Player connection [28072] Host joined multi-casting on [225.0.0.222:54997]...
Player connection [28072] Host joined alternative multi-casting on [225.0.0.222:34997]...
Input System module state changed to: Initialized.
[Physics::Module] Initialized fallback backend.
[Physics::Module] Id: 0xdecafbad
[Licensing::Client] Code 10 while verifying Licensing Client signature (process Id: 39868, path: "C:/Program Files/Unity Hub/UnityLicensingClient_V1/Unity.Licensing.Client.exe")
[Licensing::Module] LicensingClient has failed validation; ignoring
[Licensing::Client] Handshaking with LicensingClient:
  Version:                 1.17.3+a4e98f1
  Session Id:              de2b62213c7c412397b73918eadb1ddb
  Correlation Id:          47910c4ece341f299628e7038afc913a
  External correlation Id: 953480211875064573
  Machine Id:              J9jBpcLsNYUrHVkN5NAE1iwgLos=
[Licensing::Module] Successfully connected to LicensingClient on channel: "LicenseClient-jono2" (connect: 0.00s, validation: 0.00s, handshake: 0.03s)
[Licensing::IpcConnector] Successfully connected to: "LicenseClient-jono2-notifications" at "2025-11-02T13:26:24.3636811Z"
[Licensing::Module] Error: Access token is unavailable; failed to update
[Licensing::Client] Successfully resolved entitlement details
[Licensing::Module] License group:
  Id: F4-UT2B-G73E-CRS3-PWC9-XXXX
  Product: Unity Personal
  Type: ULF
  Expiration: Unlimited
[Licensing::Module] License group:
  Id: 3473001-UnityPersXXXX
  Product: Unity Personal
  Type: Assigned
  Expiration: Unlimited
[Licensing::Client] Successfully updated license, isAsync: True, time: 0.00
[Licensing::Client] Successfully resolved entitlement details
[Licensing::Module] License group:
  Id: F4-UT2B-G73E-CRS3-PWC9-XXXX
  Product: Unity Personal
  Type: ULF
  Expiration: Unlimited
[Licensing::Module] License group:
  Id: 3473001-UnityPersXXXX
  Product: Unity Personal
  Type: Assigned
  Expiration: Unlimited
[Licensing::Module] Licensing Background thread has ended after 0.03s
[Package Manager] Connected to IPC stream "Upm-43620" after 0.2 seconds.
Library Redirect Path: Library/
[Physics::Module] Selected backend.
[Physics::Module] Name: PhysX
[Physics::Module] Id: 0xf2b8ea05
[Physics::Module] SDK Version: 4.1.2
[Physics::Module] Integration Version: 1.0.0
[Physics::Module] Threading Mode: Multi-Threaded
Refreshing native plugins compatible for Editor in 0.16 ms, found 0 plugins.
Preloading 0 native plugins for Editor in 0.00 ms.
Initialize engine version: 6000.2.10f1 (d3d30d158480)
[Subsystems] Discovering subsystems at path C:/Program Files/Unity/Hub/Editor/6000.2.10f1/Editor/Data/Resources/UnitySubsystems
[Subsystems] Discovering subsystems at path C:/Projects/santas-workshop/SantasWorkshopAutomation/Assets
Forcing GfxDevice: Null
GfxDevice: creating device client; kGfxThreadingModeNonThreaded
NullGfxDevice:
    Version:  NULL 1.0 [1.0]
    Renderer: Null Device
    Vendor:   Unity Technologies
Shader Hidden/ProbeVolume/VoxelizeScene is not supported: GPU does not support conservative rasterization
Initialize mono
Mono path[0] = 'C:/Program Files/Unity/Hub/Editor/6000.2.10f1/Editor/Data/Managed'
Mono path[1] = 'C:/Program Files/Unity/Hub/Editor/6000.2.10f1/Editor/Data/MonoBleedingEdge/lib/mono/unityjit-win32'
Mono config path = 'C:/Program Files/Unity/Hub/Editor/6000.2.10f1/Editor/Data/MonoBleedingEdge/etc'
Using monoOptions --debugger-agent=transport=dt_socket,embedding=1,server=y,suspend=n,address=127.0.0.1:56620
Using cacheserver namespaces - metadata:defaultmetadata, artifacts:defaultartifacts
Using cacheserver namespaces - metadata:defaultmetadata, artifacts:defaultartifacts
ImportWorker Server TCP listen port: 0
AcceleratorClientConnectionCallback - disconnected - :0
Begin MonoManager ReloadAssembly
Registering precompiled unity dll's ...
Register platform support module: C:/Program Files/Unity/Hub/Editor/6000.2.10f1/Editor/Data/PlaybackEngines/WebGLSupport/UnityEditor.WebGL.Extensions.dll
Register platform support module: C:/Program Files/Unity/Hub/Editor/6000.2.10f1/Editor/Data/PlaybackEngines/WindowsStandaloneSupport/UnityEditor.WindowsStandalone.Extensions.dll
Registered in 0.001563 seconds.
- Loaded All Assemblies, in  0.219 seconds
Native extension for WindowsStandalone target not found
Native extension for WebGL target not found
Mono: successfully reloaded assembly
- Finished resetting the current domain, in  0.189 seconds
Domain Reload Profiling: 407ms
	BeginReloadAssembly (74ms)
		ExecutionOrderSort (0ms)
		DisableScriptedObjects (0ms)
		BackupInstance (0ms)
		ReleaseScriptingObjects (0ms)
		CreateAndSetChildDomain (1ms)
	RebuildCommonClasses (22ms)
	RebuildNativeTypeToScriptingClass (7ms)
	initialDomainReloadingComplete (27ms)
	LoadAllAssembliesAndSetupDomain (88ms)
		LoadAssemblies (72ms)
		RebuildTransferFunctionScriptingTraits (0ms)
		AnalyzeDomain (86ms)
			TypeCache.Refresh (85ms)
				TypeCache.ScanAssembly (77ms)
			BuildScriptInfoCaches (0ms)
			ResolveRequiredComponents (0ms)
	FinalizeReload (190ms)
		ReleaseScriptCaches (0ms)
		RebuildScriptCaches (0ms)
		SetupLoadedEditorAssemblies (168ms)
			LogAssemblyErrors (0ms)
			InitializePlatformSupportModulesInManaged (33ms)
			SetLoadedEditorAssemblies (2ms)
			BeforeProcessingInitializeOnLoad (35ms)
			ProcessInitializeOnLoadAttributes (70ms)
			ProcessInitializeOnLoadMethodAttributes (28ms)
			AfterProcessingInitializeOnLoad (0ms)
			EditorAssembliesLoaded (0ms)
		ExecutionOrderSort2 (0ms)
		AwakeInstancesAfterBackupRestoration (0ms)
[Licensing::Client] Successfully resolved entitlement details
[Licensing::Module] License group:
  Id: F4-UT2B-G73E-CRS3-PWC9-XXXX
  Product: Unity Personal
  Type: ULF
  Expiration: Unlimited
[Licensing::Module] License group:
  Id: 3473001-UnityPersXXXX
  Product: Unity Personal
  Type: Assigned
  Expiration: Unlimited
Application.AssetDatabase Initial Refresh Start
Package Manager log level set to [2]
[Package Manager] Restoring resolved packages state from cache
[Licensing::Client] Successfully resolved entitlement details
[Package Manager] Registered 58 packages:
  Packages from [https://packages.unity.com]:
    com.unity.ai.navigation@2.0.9 (location: C:\Projects\santas-workshop\SantasWorkshopAutomation\Library\PackageCache\com.unity.ai.navigation@5218e4bf7edc)
    com.unity.cinemachine@2.10.3 (location: C:\Projects\santas-workshop\SantasWorkshopAutomation\Library\PackageCache\com.unity.cinemachine@dcc61ebd6655)
    com.unity.collab-proxy@2.10.0 (location: C:\Projects\santas-workshop\SantasWorkshopAutomation\Library\PackageCache\com.unity.collab-proxy@1e5e48aff19d)
    com.unity.ide.rider@3.0.38 (location: C:\Projects\santas-workshop\SantasWorkshopAutomation\Library\PackageCache\com.unity.ide.rider@1f60b3138684)
    com.unity.ide.visualstudio@2.0.25 (location: C:\Projects\santas-workshop\SantasWorkshopAutomation\Library\PackageCache\com.unity.ide.visualstudio@74aa435fc4bb)
    com.unity.inputsystem@1.14.2 (location: C:\Projects\santas-workshop\SantasWorkshopAutomation\Library\PackageCache\com.unity.inputsystem@be6c4fd0abf5)
    com.unity.mathematics@1.3.2 (location: C:\Projects\santas-workshop\SantasWorkshopAutomation\Library\PackageCache\com.unity.mathematics@8017b507cc74)
    com.unity.timeline@1.8.9 (location: C:\Projects\santas-workshop\SantasWorkshopAutomation\Library\PackageCache\com.unity.timeline@6b9e48457ddb)
    com.unity.visualscripting@1.9.8 (location: C:\Projects\santas-workshop\SantasWorkshopAutomation\Library\PackageCache\com.unity.visualscripting@b4d700247d4b)
    com.unity.burst@1.8.25 (location: C:\Projects\santas-workshop\SantasWorkshopAutomation\Library\PackageCache\com.unity.burst@1df634d836b8)
    com.unity.nuget.mono-cecil@1.11.5 (location: C:\Projects\santas-workshop\SantasWorkshopAutomation\Library\PackageCache\com.unity.nuget.mono-cecil@d78732e851eb)
    com.unity.test-framework.performance@3.2.0 (location: C:\Projects\santas-workshop\SantasWorkshopAutomation\Library\PackageCache\com.unity.test-framework.performance@0840f58e4562)
    com.unity.searcher@4.9.3 (location: C:\Projects\santas-workshop\SantasWorkshopAutomation\Library\PackageCache\com.unity.searcher@1e17ce91558d)
    com.unity.collections@2.6.2 (location: C:\Projects\santas-workshop\SantasWorkshopAutomation\Library\PackageCache\com.unity.collections@aea9d3bd5e19)
  Built-in packages:
    com.unity.multiplayer.center@1.0.0 (location: C:\Projects\santas-workshop\SantasWorkshopAutomation\Library\PackageCache\com.unity.multiplayer.center@f3fb577b3546)
    com.unity.render-pipelines.universal@17.2.0 (location: C:\Projects\santas-workshop\SantasWorkshopAutomation\Library\PackageCache\com.unity.render-pipelines.universal@4976252adeb8)
    com.unity.test-framework@1.6.0 (location: C:\Projects\santas-workshop\SantasWorkshopAutomation\Library\PackageCache\com.unity.test-framework@d97b7cd61ded)
    com.unity.textmeshpro@5.0.0 (location: C:\Projects\santas-workshop\SantasWorkshopAutomation\Library\PackageCache\com.unity.textmeshpro@53f43edfd2e0)
    com.unity.ugui@2.0.0 (location: C:\Projects\santas-workshop\SantasWorkshopAutomation\Library\PackageCache\com.unity.ugui@7056cb05de4c)
    com.unity.modules.accessibility@1.0.0 (location: C:\Program Files\Unity\Hub\Editor\6000.2.10f1\Editor\Data\Resources\PackageManager\BuiltInPackages\com.unity.modules.accessibility)
    com.unity.modules.ai@1.0.0 (location: C:\Program Files\Unity\Hub\Editor\6000.2.10f1\Editor\Data\Resources\PackageManager\BuiltInPackages\com.unity.modules.ai)
    com.unity.modules.androidjni@1.0.0 (location: C:\Program Files\Unity\Hub\Editor\6000.2.10f1\Editor\Data\Resources\PackageManager\BuiltInPackages\com.unity.modules.androidjni)
    com.unity.modules.animation@1.0.0 (location: C:\Program Files\Unity\Hub\Editor\6000.2.10f1\Editor\Data\Resources\PackageManager\BuiltInPackages\com.unity.modules.animation)
    com.unity.modules.assetbundle@1.0.0 (location: C:\Program Files\Unity\Hub\Editor\6000.2.10f1\Editor\Data\Resources\PackageManager\BuiltInPackages\com.unity.modules.assetbundle)
    com.unity.modules.audio@1.0.0 (location: C:\Program Files\Unity\Hub\Editor\6000.2.10f1\Editor\Data\Resources\PackageManager\BuiltInPackages\com.unity.modules.audio)
    com.unity.modules.cloth@1.0.0 (location: C:\Program Files\Unity\Hub\Editor\6000.2.10f1\Editor\Data\Resources\PackageManager\BuiltInPackages\com.unity.modules.cloth)
    com.unity.modules.director@1.0.0 (location: C:\Program Files\Unity\Hub\Editor\6000.2.10f1\Editor\Data\Resources\PackageManager\BuiltInPackages\com.unity.modules.director)
    com.unity.modules.imageconversion@1.0.0 (location: C:\Program Files\Unity\Hub\Editor\6000.2.10f1\Editor\Data\Resources\PackageManager\BuiltInPackages\com.unity.modules.imageconversion)
    com.unity.modules.imgui@1.0.0 (location: C:\Program Files\Unity\Hub\Editor\6000.2.10f1\Editor\Data\Resources\PackageManager\BuiltInPackages\com.unity.modules.imgui)
    com.unity.modules.jsonserialize@1.0.0 (location: C:\Program Files\Unity\Hub\Editor\6000.2.10f1\Editor\Data\Resources\PackageManager\BuiltInPackages\com.unity.modules.jsonserialize)
    com.unity.modules.particlesystem@1.0.0 (location: C:\Program Files\Unity\Hub\Editor\6000.2.10f1\Editor\Data\Resources\PackageManager\BuiltInPackages\com.unity.modules.particlesystem)
    com.unity.modules.physics@1.0.0 (location: C:\Program Files\Unity\Hub\Editor\6000.2.10f1\Editor\Data\Resources\PackageManager\BuiltInPackages\com.unity.modules.physics)
    com.unity.modules.physics2d@1.0.0 (location: C:\Program Files\Unity\Hub\Editor\6000.2.10f1\Editor\Data\Resources\PackageManager\BuiltInPackages\com.unity.modules.physics2d)
    com.unity.modules.screencapture@1.0.0 (location: C:\Program Files\Unity\Hub\Editor\6000.2.10f1\Editor\Data\Resources\PackageManager\BuiltInPackages\com.unity.modules.screencapture)
    com.unity.modules.terrain@1.0.0 (location: C:\Program Files\Unity\Hub\Editor\6000.2.10f1\Editor\Data\Resources\PackageManager\BuiltInPackages\com.unity.modules.terrain)
    com.unity.modules.terrainphysics@1.0.0 (location: C:\Program Files\Unity\Hub\Editor\6000.2.10f1\Editor\Data\Resources\PackageManager\BuiltInPackages\com.unity.modules.terrainphysics)
    com.unity.modules.tilemap@1.0.0 (location: C:\Program Files\Unity\Hub\Editor\6000.2.10f1\Editor\Data\Resources\PackageManager\BuiltInPackages\com.unity.modules.tilemap)
    com.unity.modules.ui@1.0.0 (location: C:\Program Files\Unity\Hub\Editor\6000.2.10f1\Editor\Data\Resources\PackageManager\BuiltInPackages\com.unity.modules.ui)
    com.unity.modules.uielements@1.0.0 (location: C:\Program Files\Unity\Hub\Editor\6000.2.10f1\Editor\Data\Resources\PackageManager\BuiltInPackages\com.unity.modules.uielements)
    com.unity.modules.umbra@1.0.0 (location: C:\Program Files\Unity\Hub\Editor\6000.2.10f1\Editor\Data\Resources\PackageManager\BuiltInPackages\com.unity.modules.umbra)
    com.unity.modules.unityanalytics@1.0.0 (location: C:\Program Files\Unity\Hub\Editor\6000.2.10f1\Editor\Data\Resources\PackageManager\BuiltInPackages\com.unity.modules.unityanalytics)
    com.unity.modules.unitywebrequest@1.0.0 (location: C:\Program Files\Unity\Hub\Editor\6000.2.10f1\Editor\Data\Resources\PackageManager\BuiltInPackages\com.unity.modules.unitywebrequest)
    com.unity.modules.unitywebrequestassetbundle@1.0.0 (location: C:\Program Files\Unity\Hub\Editor\6000.2.10f1\Editor\Data\Resources\PackageManager\BuiltInPackages\com.unity.modules.unitywebrequestassetbundle)
    com.unity.modules.unitywebrequestaudio@1.0.0 (location: C:\Program Files\Unity\Hub\Editor\6000.2.10f1\Editor\Data\Resources\PackageManager\BuiltInPackages\com.unity.modules.unitywebrequestaudio)
    com.unity.modules.unitywebrequesttexture@1.0.0 (location: C:\Program Files\Unity\Hub\Editor\6000.2.10f1\Editor\Data\Resources\PackageManager\BuiltInPackages\com.unity.modules.unitywebrequesttexture)
    com.unity.modules.unitywebrequestwww@1.0.0 (location: C:\Program Files\Unity\Hub\Editor\6000.2.10f1\Editor\Data\Resources\PackageManager\BuiltInPackages\com.unity.modules.unitywebrequestwww)
    com.unity.modules.vehicles@1.0.0 (location: C:\Program Files\Unity\Hub\Editor\6000.2.10f1\Editor\Data\Resources\PackageManager\BuiltInPackages\com.unity.modules.vehicles)
    com.unity.modules.video@1.0.0 (location: C:\Program Files\Unity\Hub\Editor\6000.2.10f1\Editor\Data\Resources\PackageManager\BuiltInPackages\com.unity.modules.video)
    com.unity.modules.vr@1.0.0 (location: C:\Program Files\Unity\Hub\Editor\6000.2.10f1\Editor\Data\Resources\PackageManager\BuiltInPackages\com.unity.modules.vr)
    com.unity.modules.wind@1.0.0 (location: C:\Program Files\Unity\Hub\Editor\6000.2.10f1\Editor\Data\Resources\PackageManager\BuiltInPackages\com.unity.modules.wind)
    com.unity.modules.xr@1.0.0 (location: C:\Program Files\Unity\Hub\Editor\6000.2.10f1\Editor\Data\Resources\PackageManager\BuiltInPackages\com.unity.modules.xr)
    com.unity.modules.subsystems@1.0.0 (location: C:\Program Files\Unity\Hub\Editor\6000.2.10f1\Editor\Data\Resources\PackageManager\BuiltInPackages\com.unity.modules.subsystems)
    com.unity.modules.hierarchycore@1.0.0 (location: C:\Program Files\Unity\Hub\Editor\6000.2.10f1\Editor\Data\Resources\PackageManager\BuiltInPackages\com.unity.modules.hierarchycore)
    com.unity.ext.nunit@2.0.5 (location: C:\Projects\santas-workshop\SantasWorkshopAutomation\Library\PackageCache\com.unity.ext.nunit@031a54704bff)
    com.unity.render-pipelines.core@17.2.0 (location: C:\Projects\santas-workshop\SantasWorkshopAutomation\Library\PackageCache\com.unity.render-pipelines.core@1f4d88678591)
    com.unity.shadergraph@17.2.0 (location: C:\Projects\santas-workshop\SantasWorkshopAutomation\Library\PackageCache\com.unity.shadergraph@cd9db05bbc12)
    com.unity.render-pipelines.universal-config@17.0.3 (location: C:\Projects\santas-workshop\SantasWorkshopAutomation\Library\PackageCache\com.unity.render-pipelines.universal-config@8dc1aab4af1d)
    com.unity.rendering.light-transport@1.0.1 (location: C:\Projects\santas-workshop\SantasWorkshopAutomation\Library\PackageCache\com.unity.rendering.light-transport@2c9279f90d7c)
[Package Manager] com.unity.textmeshpro is deprecated: This package is no longer supported. TextMeshPro functionalities are now included in the com.unity.ugui package. To continue using them, consider adding it to your project dependencies.
[Subsystems] No new subsystems found in resolved package list.
[Package Manager] Done registering packages in 0.01 seconds
[ScriptCompilation] Requested script compilation because: Assembly Definition File(s) changed
[ScriptCompilation] Requested script compilation because: Assetdatabase observed changes in script compilation related files
Starting: C:\Program Files\Unity\Hub\Editor\6000.2.10f1\Editor\Data\bee_backend.exe --ipc --defer-dag-verification --dagfile="Library/Bee/1900b0aE.dag" --continue-on-failure --profile="Library/Bee/backend1.traceevents" ScriptAssemblies
WorkingDir: C:/Projects/santas-workshop/SantasWorkshopAutomation
DisplayProgressbar: Compiling Scripts
ExitCode: 4 Duration: 0s184ms
Rebuilding DAG because FileSignature timestamp changed: Library/Bee/1900b0aE-inputdata.json
[655/833    0s] ILPP-Configuration Library/ilpp-configuration.nevergeneratedoutput
*** Tundra requires additional run (0.16 seconds), 1 items updated, 654 evaluated
Starting: C:\Program Files\Unity\Hub\Editor\6000.2.10f1\Editor\Data\Tools\netcorerun\netcorerun.exe "C:\Program Files\Unity\Hub\Editor\6000.2.10f1\Editor\Data\Tools\BuildPipeline\ScriptCompilationBuildProgram.exe" "Library/Bee/1900b0aE.dag.json" "Library/Bee/1900b0aE-inputdata.json" "Library\Bee\buildprogram0.traceevents"
WorkingDir: C:/Projects/santas-workshop/SantasWorkshopAutomation
ExitCode: 0 Duration: 0s431ms
Starting: C:\Program Files\Unity\Hub\Editor\6000.2.10f1\Editor\Data\bee_backend.exe --ipc --defer-dag-verification --dagfile="Library/Bee/1900b0aE.dag" --continue-on-failure --dagfilejson="Library\Bee\1900b0aE.dag.json" --profile="Library/Bee/backend2.traceevents" ScriptAssemblies
WorkingDir: C:/Projects/santas-workshop/SantasWorkshopAutomation
ExitCode: 3 Duration: 1s880ms
Finished compiling graph: 897 nodes, 15870 flattened edges (13044 ToBuild, 142 ToUse), maximum node priority 955
[358/893    0s] WriteText Library/Bee/artifacts/1900b0aE.dag/SantasWorkshop.Core.UnityAdditionalFile.txt
[362/893    0s] WriteText Library/Bee/artifacts/1900b0aE.dag/SantasWorkshop.Core.rsp2
[364/893    0s] WriteText Library/Bee/artifacts/1900b0aE.dag/SantasWorkshop.Utilities.rsp
[369/893    0s] WriteText Library/Bee/artifacts/1900b0aE.dag/SantasWorkshop.Machines.UnityAdditionalFile.txt
[370/893    0s] WriteText Library/Bee/artifacts/1900b0aE.dag/SantasWorkshop.Data.UnityAdditionalFile.txt
[371/893    0s] WriteText Library/Bee/artifacts/1900b0aE.dag/SantasWorkshop.Machines.rsp2
[375/893    0s] WriteText Library/Bee/artifacts/1900b0aE.dag/SantasWorkshop.Data.rsp2
[377/893    0s] WriteText Library/Bee/artifacts/1900b0aE.dag/SantasWorkshop.Editor.UnityAdditionalFile.txt
[382/893    0s] WriteText Library/Bee/artifacts/1900b0aE.dag/SantasWorkshop.Core.dll.mvfrm.rsp
[383/893    0s] WriteText Library/Bee/artifacts/1900b0aE.dag/SantasWorkshop.Editor.rsp2
[389/893    0s] WriteText Library/Bee/artifacts/1900b0aE.dag/SantasWorkshop.Machines.dll.mvfrm.rsp
[404/893    0s] WriteText Library/Bee/artifacts/1900b0aE.dag/SantasWorkshop.Core.rsp
[405/893    0s] WriteText Library/Bee/artifacts/1900b0aE.dag/SantasWorkshop.Editor.dll.mvfrm.rsp
[413/893    0s] WriteText Library/Bee/artifacts/1900b0aE.dag/SantasWorkshop.Editor.rsp
[417/893    0s] WriteText Library/Bee/artifacts/1900b0aE.dag/SantasWorkshop.Machines.rsp
[422/893    0s] WriteResponseFile Library/Bee/artifacts/rsp/9826574739260925344.rsp
[435/893    0s] WriteResponseFile Library/Bee/artifacts/rsp/11191761749429970547.rsp
[436/893    0s] WriteResponseFile Library/Bee/artifacts/rsp/16495013143605345749.rsp
[440/893    0s] WriteText Library/Bee/artifacts/1900b0aE.dag/SantasWorkshop.Tests.rsp2
[443/893    0s] WriteResponseFile Library/Bee/artifacts/rsp/10678863128556690338.rsp
[448/893    0s] WriteText Library/Bee/artifacts/1900b0aE.dag/SantasWorkshop.Tests.rsp
[450/893    0s] WriteText Library/Bee/artifacts/1900b0aE.dag/Assembly-CSharp-Editor.rsp
[452/893    0s] WriteResponseFile Library/Bee/artifacts/rsp/6288485879951973106.rsp
[480/893    0s] WriteResponseFile Library/Bee/artifacts/rsp/8075869836554479520.rsp
[482/893    0s] WriteText Library/Bee/artifacts/1900b0aE.dag/SantasWorkshop.Tests.UnityAdditionalFile.txt
[483/893    0s] WriteText Library/Bee/artifacts/1900b0aE.dag/SantasWorkshop.Tests.dll.mvfrm.rsp
[485/893    0s] WriteResponseFile Library/Bee/artifacts/rsp/2781082588993088484.rsp
[486/893    0s] WriteResponseFile Library/Bee/artifacts/rsp/12281818827826758311.rsp
[487/893    0s] WriteText Library/Bee/artifacts/1900b0aE.dag/SantasWorkshop.Utilities.rsp2
[488/893    0s] WriteText Library/Bee/artifacts/1900b0aE.dag/Assembly-CSharp.rsp
[489/893    0s] WriteText Library/Bee/artifacts/1900b0aE.dag/SantasWorkshop.Utilities.UnityAdditionalFile.txt
[490/893    0s] WriteText Library/Bee/artifacts/1900b0aE.dag/SantasWorkshop.Data.dll.mvfrm.rsp
[491/893    0s] WriteText Library/Bee/artifacts/1900b0aE.dag/SantasWorkshop.Data.rsp
[492/893    0s] WriteText Library/Bee/artifacts/1900b0aE.dag/SantasWorkshop.Utilities.dll.mvfrm.rsp
[683/893    0s] ILPP-Configuration Library/ilpp-configuration.nevergeneratedoutput
[723/893    0s] MovedFromExtractor-Combine Library/Bee/artifacts/1900b0aE.dag/SantasWorkshop.Machines.dll.mvfrm
[731/893    0s] MovedFromExtractor-Combine Library/Bee/artifacts/1900b0aE.dag/SantasWorkshop.Tests.dll.mvfrm
[857/893    0s] MovedFromExtractor-Combine Library/Bee/artifacts/1900b0aE.dag/SantasWorkshop.Editor.dll.mvfrm
[858/893    0s] MovedFromExtractor-Combine Library/Bee/artifacts/1900b0aE.dag/SantasWorkshop.Data.dll.mvfrm
[859/893    0s] MovedFromExtractor-Combine Library/Bee/artifacts/1900b0aE.dag/SantasWorkshop.Utilities.dll.mvfrm
[860/893    0s] MovedFromExtractor-Combine Library/Bee/artifacts/1900b0aE.dag/SantasWorkshop.Core.dll.mvfrm
[861/893    1s] Csc Library/Bee/artifacts/1900b0aE.dag/SantasWorkshop.Data.dll (+2 others)
[862/893    1s] Csc Library/Bee/artifacts/1900b0aE.dag/SantasWorkshop.Utilities.dll (+2 others)
Assets\_Project\Scripts\Utilities\Singleton.cs(33,37): warning CS0618: 'Object.FindObjectOfType<T>()' is obsolete: 'Object.FindObjectOfType has been deprecated. Use Object.FindFirstObjectByType instead or if finding any instance is acceptable the faster Object.FindAnyObjectByType'
[863/893    1s] Csc Library/Bee/artifacts/1900b0aE.dag/SantasWorkshop.Editor.dll (+2 others)
Assets\_Project\Scripts\Editor\BuildConfiguration.cs(28,13): warning CS0618: 'PlayerSettings.SetArchitecture(BuildTargetGroup, int)' is obsolete: 'Use SetArchitecture(NamedBuildTarget buildTarget, int architecture) instead'

Assets\_Project\Scripts\Editor\BuildConfiguration.cs(56,13): warning CS0618: 'PlayerSettings.SetScriptingBackend(BuildTargetGroup, ScriptingImplementation)' is obsolete: 'Use SetScriptingBackend(NamedBuildTarget buildTarget, ScriptingImplementation backend) instead'

Assets\_Project\Scripts\Editor\BuildConfiguration.cs(62,13): warning CS0618: 'PlayerSettings.SetManagedStrippingLevel(BuildTargetGroup, ManagedStrippingLevel)' is obsolete: 'Use SetManagedStrippingLevel(NamedBuildTarget buildTarget, ManagedStrippingLevel level) instead'

Assets\_Project\Scripts\Editor\BuildConfiguration.cs(95,13): warning CS0618: 'PlayerSettings.SetScriptingBackend(BuildTargetGroup, ScriptingImplementation)' is obsolete: 'Use SetScriptingBackend(NamedBuildTarget buildTarget, ScriptingImplementation backend) instead'

Assets\_Project\Scripts\Editor\BuildConfiguration.cs(101,13): warning CS0618: 'PlayerSettings.SetManagedStrippingLevel(BuildTargetGroup, ManagedStrippingLevel)' is obsolete: 'Use SetManagedStrippingLevel(NamedBuildTarget buildTarget, ManagedStrippingLevel level) instead'

Assets\_Project\Scripts\Editor\BuildConfiguration.cs(107,13): warning CS0618: 'PlayerSettings.SetIl2CppCompilerConfiguration(BuildTargetGroup, Il2CppCompilerConfiguration)' is obsolete: 'Use SetIl2CppCompilerConfiguration(NamedBuildTarget buildTarget, Il2CppCompilerConfiguration configuration) instead'
[864/893    0s] ILPostProcess Library/Bee/artifacts/1900b0aE.dag/post-processed/SantasWorkshop.Utilities.dll (+pdb)
Processing assembly Library/Bee/artifacts/1900b0aE.dag/SantasWorkshop.Utilities.dll, with 133 defines and 262 references

processors: Unity.Jobs.CodeGen.JobsILPostProcessor, zzzUnity.Burst.CodeGen.BurstILPostProcessor

running Unity.Jobs.CodeGen.JobsILPostProcessor

running zzzUnity.Burst.CodeGen.BurstILPostProcessor
[865/893    0s] ILPostProcess Library/Bee/artifacts/1900b0aE.dag/post-processed/SantasWorkshop.Editor.dll (+pdb)
Processing assembly Library/Bee/artifacts/1900b0aE.dag/SantasWorkshop.Editor.dll, with 131 defines and 270 references

processors: Unity.Jobs.CodeGen.JobsILPostProcessor, zzzUnity.Burst.CodeGen.BurstILPostProcessor

running Unity.Jobs.CodeGen.JobsILPostProcessor

running zzzUnity.Burst.CodeGen.BurstILPostProcessor
[866/893    0s] ILPostProcess Library/Bee/artifacts/1900b0aE.dag/post-processed/SantasWorkshop.Data.dll (+pdb)
Processing assembly Library/Bee/artifacts/1900b0aE.dag/SantasWorkshop.Data.dll, with 133 defines and 262 references

processors: Unity.Jobs.CodeGen.JobsILPostProcessor, zzzUnity.Burst.CodeGen.BurstILPostProcessor

running Unity.Jobs.CodeGen.JobsILPostProcessor

running zzzUnity.Burst.CodeGen.BurstILPostProcessor
[867/893    0s] CopyFiles Library/ScriptAssemblies/SantasWorkshop.Utilities.dll
[868/893    0s] CopyFiles Library/ScriptAssemblies/SantasWorkshop.Utilities.pdb
[869/893    0s] CopyFiles Library/ScriptAssemblies/SantasWorkshop.Editor.dll
[870/893    0s] CopyFiles Library/ScriptAssemblies/SantasWorkshop.Editor.pdb
[871/893    0s] CopyFiles Library/ScriptAssemblies/SantasWorkshop.Data.dll
[872/893    0s] CopyFiles Library/ScriptAssemblies/SantasWorkshop.Data.pdb
[873/893    0s] Csc Library/Bee/artifacts/1900b0aE.dag/SantasWorkshop.Core.dll (+2 others)
[874/893    0s] Csc Library/Bee/artifacts/1900b0aE.dag/SantasWorkshop.Machines.dll (+2 others)
[875/893    0s] ILPostProcess Library/Bee/artifacts/1900b0aE.dag/post-processed/SantasWorkshop.Core.dll (+pdb)
Processing assembly Library/Bee/artifacts/1900b0aE.dag/SantasWorkshop.Core.dll, with 133 defines and 264 references

processors: Unity.Jobs.CodeGen.JobsILPostProcessor, zzzUnity.Burst.CodeGen.BurstILPostProcessor

running Unity.Jobs.CodeGen.JobsILPostProcessor

running zzzUnity.Burst.CodeGen.BurstILPostProcessor
[876/893    0s] ILPostProcess Library/Bee/artifacts/1900b0aE.dag/post-processed/SantasWorkshop.Machines.dll (+pdb)
Processing assembly Library/Bee/artifacts/1900b0aE.dag/SantasWorkshop.Machines.dll, with 133 defines and 263 references

processors: Unity.Jobs.CodeGen.JobsILPostProcessor, zzzUnity.Burst.CodeGen.BurstILPostProcessor

running Unity.Jobs.CodeGen.JobsILPostProcessor

running zzzUnity.Burst.CodeGen.BurstILPostProcessor
[877/893    0s] CopyFiles Library/ScriptAssemblies/SantasWorkshop.Core.dll
[878/893    0s] CopyFiles Library/ScriptAssemblies/SantasWorkshop.Core.pdb
[879/893    0s] CopyFiles Library/ScriptAssemblies/SantasWorkshop.Machines.dll
[880/893    0s] CopyFiles Library/ScriptAssemblies/SantasWorkshop.Machines.pdb
[881/893    0s] Csc Library/Bee/artifacts/1900b0aE.dag/Assembly-CSharp.dll (+2 others)
[882/893    0s] Csc Library/Bee/artifacts/1900b0aE.dag/Assembly-CSharp-Editor.dll (+2 others)
[883/893    0s] ILPostProcess Library/Bee/artifacts/1900b0aE.dag/post-processed/Assembly-CSharp.dll (+pdb)
Processing assembly Library/Bee/artifacts/1900b0aE.dag/Assembly-CSharp.dll, with 133 defines and 306 references

processors: Unity.Jobs.CodeGen.JobsILPostProcessor, zzzUnity.Burst.CodeGen.BurstILPostProcessor

running Unity.Jobs.CodeGen.JobsILPostProcessor

running zzzUnity.Burst.CodeGen.BurstILPostProcessor
[884/893    0s] ILPostProcess Library/Bee/artifacts/1900b0aE.dag/post-processed/Assembly-CSharp-Editor.dll (+pdb)
Processing assembly Library/Bee/artifacts/1900b0aE.dag/Assembly-CSharp-Editor.dll, with 131 defines and 325 references

processors: Unity.Jobs.CodeGen.JobsILPostProcessor, zzzUnity.Burst.CodeGen.BurstILPostProcessor

running Unity.Jobs.CodeGen.JobsILPostProcessor

running zzzUnity.Burst.CodeGen.BurstILPostProcessor
[885/893    0s] CopyFiles Library/ScriptAssemblies/Assembly-CSharp-Editor.pdb
[886/893    0s] CopyFiles Library/ScriptAssemblies/Assembly-CSharp-Editor.dll
[887/893    0s] CopyFiles Library/ScriptAssemblies/Assembly-CSharp.dll
[888/893    0s] CopyFiles Library/ScriptAssemblies/Assembly-CSharp.pdb
[889/893    0s] Csc Library/Bee/artifacts/1900b0aE.dag/SantasWorkshop.Tests.dll (+2 others)
##### CommandLine
"C:\Program Files\Unity\Hub\Editor\6000.2.10f1\Editor\Data\NetCoreRuntime\dotnet.exe" exec "C:/Program Files/Unity/Hub/Editor/6000.2.10f1/Editor/Data/DotNetSdkRoslyn/csc.dll" /nostdlib /noconfig /shared "@Library/Bee/artifacts/1900b0aE.dag/SantasWorkshop.Tests.rsp" "@Library/Bee/artifacts/1900b0aE.dag/SantasWorkshop.Tests.rsp2"
##### Contents of Library\Bee\artifacts\1900b0aE.dag\SantasWorkshop.Tests.rsp
-target:library
-out:"Library/Bee/artifacts/1900b0aE.dag/SantasWorkshop.Tests.dll"
-refout:"Library/Bee/artifacts/1900b0aE.dag/SantasWorkshop.Tests.ref.dll"
-define:UNITY_6000_2_10
-define:UNITY_6000_2
-define:UNITY_6000
-define:UNITY_5_3_OR_NEWER
-define:UNITY_5_4_OR_NEWER
-define:UNITY_5_5_OR_NEWER
-define:UNITY_5_6_OR_NEWER
-define:UNITY_2017_1_OR_NEWER
-define:UNITY_2017_2_OR_NEWER
-define:UNITY_2017_3_OR_NEWER
-define:UNITY_2017_4_OR_NEWER
-define:UNITY_2018_1_OR_NEWER
-define:UNITY_2018_2_OR_NEWER
-define:UNITY_2018_3_OR_NEWER
-define:UNITY_2018_4_OR_NEWER
-define:UNITY_2019_1_OR_NEWER
-define:UNITY_2019_2_OR_NEWER
-define:UNITY_2019_3_OR_NEWER
-define:UNITY_2019_4_OR_NEWER
-define:UNITY_2020_1_OR_NEWER
-define:UNITY_2020_2_OR_NEWER
-define:UNITY_2020_3_OR_NEWER
-define:UNITY_2021_1_OR_NEWER
-define:UNITY_2021_2_OR_NEWER
-define:UNITY_2021_3_OR_NEWER
-define:UNITY_2022_1_OR_NEWER
-define:UNITY_2022_2_OR_NEWER
-define:UNITY_2022_3_OR_NEWER
-define:UNITY_2023_1_OR_NEWER
-define:UNITY_2023_2_OR_NEWER
-define:UNITY_2023_3_OR_NEWER
-define:UNITY_6000_0_OR_NEWER
-define:UNITY_6000_1_OR_NEWER
-define:UNITY_6000_2_OR_NEWER
-define:PLATFORM_ARCH_64
-define:UNITY_64
-define:UNITY_INCLUDE_TESTS
-define:ENABLE_AR
-define:ENABLE_AUDIO
-define:ENABLE_CACHING
-define:ENABLE_CLOTH
-define:ENABLE_EVENT_QUEUE
-define:ENABLE_MICROPHONE
-define:ENABLE_MULTIPLE_DISPLAYS
-define:ENABLE_PHYSICS
-define:ENABLE_TEXTURE_STREAMING
-define:ENABLE_VIRTUALTEXTURING
-define:ENABLE_LZMA
-define:ENABLE_UNITYEVENTS
-define:ENABLE_VR
-define:ENABLE_WEBCAM
-define:ENABLE_UNITYWEBREQUEST
-define:ENABLE_WWW
-define:ENABLE_CLOUD_SERVICES
-define:ENABLE_CLOUD_SERVICES_ADS
-define:ENABLE_CLOUD_SERVICES_USE_WEBREQUEST
-define:ENABLE_UNITY_CONSENT
-define:ENABLE_UNITY_CLOUD_IDENTIFIERS
-define:ENABLE_CLOUD_SERVICES_CRASH_REPORTING
-define:ENABLE_CLOUD_SERVICES_NATIVE_CRASH_REPORTING
-define:ENABLE_CLOUD_SERVICES_PURCHASING
-define:ENABLE_CLOUD_SERVICES_ANALYTICS
-define:ENABLE_CLOUD_SERVICES_BUILD
-define:ENABLE_EDITOR_GAME_SERVICES
-define:ENABLE_UNITY_GAME_SERVICES_ANALYTICS_SUPPORT
-define:ENABLE_CLOUD_LICENSE
-define:ENABLE_EDITOR_HUB_LICENSE
-define:ENABLE_WEBSOCKET_CLIENT
-define:ENABLE_GENERATE_NATIVE_PLUGINS_FOR_ASSEMBLIES_API
-define:ENABLE_DIRECTOR_AUDIO
-define:ENABLE_DIRECTOR_TEXTURE
-define:ENABLE_MANAGED_JOBS
-define:ENABLE_MANAGED_TRANSFORM_JOBS
-define:ENABLE_MANAGED_ANIMATION_JOBS
-define:ENABLE_MANAGED_AUDIO_JOBS
-define:ENABLE_MANAGED_UNITYTLS
-define:INCLUDE_DYNAMIC_GI
-define:ENABLE_SCRIPTING_GC_WBARRIERS
-define:PLATFORM_SUPPORTS_MONO
-define:RENDER_SOFTWARE_CURSOR
-define:ENABLE_MARSHALLING_TESTS
-define:ENABLE_VIDEO
-define:ENABLE_NAVIGATION_OFFMESHLINK_TO_NAVMESHLINK
-define:ENABLE_ACCELERATOR_CLIENT_DEBUGGING
-define:TEXTCORE_1_0_OR_NEWER
-define:EDITOR_ONLY_NAVMESH_BUILDER_DEPRECATED
-define:PLATFORM_STANDALONE_WIN
-define:PLATFORM_STANDALONE
-define:UNITY_STANDALONE_WIN
-define:UNITY_STANDALONE
-define:ENABLE_RUNTIME_GI
-define:ENABLE_MOVIES
-define:ENABLE_NETWORK
-define:ENABLE_NVIDIA
-define:ENABLE_AMD
-define:ENABLE_CRUNCH_TEXTURE_COMPRESSION
-define:ENABLE_CLOUD_SERVICES_ENGINE_DIAGNOSTICS
-define:ENABLE_OUT_OF_PROCESS_CRASH_HANDLER
-define:ENABLE_CLUSTER_SYNC
-define:ENABLE_CLUSTERINPUT
-define:PLATFORM_UPDATES_TIME_OUTSIDE_OF_PLAYER_LOOP
-define:GFXDEVICE_WAITFOREVENT_MESSAGEPUMP
-define:PLATFORM_USES_EXPLICIT_MEMORY_MANAGER_INITIALIZER
-define:PLATFORM_SUPPORTS_WAIT_FOR_PRESENTATION
-define:PLATFORM_SUPPORTS_SPLIT_GRAPHICS_JOBS
-define:ENABLE_MONO
-define:NET_4_6
-define:NET_UNITY_4_8
-define:ENABLE_PROFILER
-define:DEBUG
-define:TRACE
-define:UNITY_ASSERTIONS
-define:UNITY_EDITOR
-define:UNITY_EDITOR_64
-define:UNITY_EDITOR_WIN
-define:ENABLE_UNITY_COLLECTIONS_CHECKS
-define:ENABLE_BURST_AOT
-define:UNITY_TEAM_LICENSE
-define:ENABLE_CUSTOM_RENDER_TEXTURE
-define:ENABLE_DIRECTOR
-define:ENABLE_LOCALIZATION
-define:ENABLE_SPRITES
-define:ENABLE_TERRAIN
-define:ENABLE_TILEMAP
-define:ENABLE_TIMELINE
-define:ENABLE_INPUT_SYSTEM
-define:TEXTCORE_FONT_ENGINE_1_5_OR_NEWER
-define:TEXTCORE_TEXT_ENGINE_1_5_OR_NEWER
-define:CSHARP_7_OR_LATER
-define:CSHARP_7_3_OR_NEWER
-define:UNITY_EDITOR_ONLY_COMPILATION
-r:"C:/Program Files/Unity/Hub/Editor/6000.2.10f1/Editor/Data/Managed/UnityEditor.Graphs.dll"
-r:"C:/Program Files/Unity/Hub/Editor/6000.2.10f1/Editor/Data/Managed/UnityEngine/UnityEditor.AccessibilityModule.dll"
-r:"C:/Program Files/Unity/Hub/Editor/6000.2.10f1/Editor/Data/Managed/UnityEngine/UnityEditor.AdaptivePerformanceModule.dll"
-r:"C:/Program Files/Unity/Hub/Editor/6000.2.10f1/Editor/Data/Managed/UnityEngine/UnityEditor.BuildProfileModule.dll"
-r:"C:/Program Files/Unity/Hub/Editor/6000.2.10f1/Editor/Data/Managed/UnityEngine/UnityEditor.ClothModule.dll"
-r:"C:/Program Files/Unity/Hub/Editor/6000.2.10f1/Editor/Data/Managed/UnityEngine/UnityEditor.CoreBusinessMetricsModule.dll"
-r:"C:/Program Files/Unity/Hub/Editor/6000.2.10f1/Editor/Data/Managed/UnityEngine/UnityEditor.CoreModule.dll"
-r:"C:/Program Files/Unity/Hub/Editor/6000.2.10f1/Editor/Data/Managed/UnityEngine/UnityEditor.DeviceSimulatorModule.dll"
-r:"C:/Program Files/Unity/Hub/Editor/6000.2.10f1/Editor/Data/Managed/UnityEngine/UnityEditor.DiagnosticsModule.dll"
-r:"C:/Program Files/Unity/Hub/Editor/6000.2.10f1/Editor/Data/Managed/UnityEngine/UnityEditor.dll"
-r:"C:/Program Files/Unity/Hub/Editor/6000.2.10f1/Editor/Data/Managed/UnityEngine/UnityEditor.EditorToolbarModule.dll"
-r:"C:/Program Files/Unity/Hub/Editor/6000.2.10f1/Editor/Data/Managed/UnityEngine/UnityEditor.EmbreeModule.dll"
-r:"C:/Program Files/Unity/Hub/Editor/6000.2.10f1/Editor/Data/Managed/UnityEngine/UnityEditor.GIModule.dll"
-r:"C:/Program Files/Unity/Hub/Editor/6000.2.10f1/Editor/Data/Managed/UnityEngine/UnityEditor.GraphicsStateCollectionSerializerModule.dll"
-r:"C:/Program Files/Unity/Hub/Editor/6000.2.10f1/Editor/Data/Managed/UnityEngine/UnityEditor.GraphViewModule.dll"
-r:"C:/Program Files/Unity/Hub/Editor/6000.2.10f1/Editor/Data/Managed/UnityEngine/UnityEditor.GridAndSnapModule.dll"
-r:"C:/Program Files/Unity/Hub/Editor/6000.2.10f1/Editor/Data/Managed/UnityEngine/UnityEditor.GridModule.dll"
-r:"C:/Program Files/Unity/Hub/Editor/6000.2.10f1/Editor/Data/Managed/UnityEngine/UnityEditor.InAppPurchasingModule.dll"
-r:"C:/Program Files/Unity/Hub/Editor/6000.2.10f1/Editor/Data/Managed/UnityEngine/UnityEditor.LevelPlayModule.dll"
-r:"C:/Program Files/Unity/Hub/Editor/6000.2.10f1/Editor/Data/Managed/UnityEngine/UnityEditor.MultiplayerModule.dll"
-r:"C:/Program Files/Unity/Hub/Editor/6000.2.10f1/Editor/Data/Managed/UnityEngine/UnityEditor.Physics2DModule.dll"
-r:"C:/Program Files/Unity/Hub/Editor/6000.2.10f1/Editor/Data/Managed/UnityEngine/UnityEditor.PhysicsModule.dll"
-r:"C:/Program Files/Unity/Hub/Editor/6000.2.10f1/Editor/Data/Managed/UnityEngine/UnityEditor.PresetsUIModule.dll"
-r:"C:/Program Files/Unity/Hub/Editor/6000.2.10f1/Editor/Data/Managed/UnityEngine/UnityEditor.PropertiesModule.dll"
-r:"C:/Program Files/Unity/Hub/Editor/6000.2.10f1/Editor/Data/Managed/UnityEngine/UnityEditor.QuickSearchModule.dll"
-r:"C:/Program Files/Unity/Hub/Editor/6000.2.10f1/Editor/Data/Managed/UnityEngine/UnityEditor.SafeModeModule.dll"
-r:"C:/Program Files/Unity/Hub/Editor/6000.2.10f1/Editor/Data/Managed/UnityEngine/UnityEditor.SceneTemplateModule.dll"
-r:"C:/Program Files/Unity/Hub/Editor/6000.2.10f1/Editor/Data/Managed/UnityEngine/UnityEditor.SceneViewModule.dll"
-r:"C:/Program Files/Unity/Hub/Editor/6000.2.10f1/Editor/Data/Managed/UnityEngine/UnityEditor.ShaderFoundryModule.dll"
-r:"C:/Program Files/Unity/Hub/Editor/6000.2.10f1/Editor/Data/Managed/UnityEngine/UnityEditor.SketchUpModule.dll"
-r:"C:/Program Files/Unity/Hub/Editor/6000.2.10f1/Editor/Data/Managed/UnityEngine/UnityEditor.SpriteMaskModule.dll"
-r:"C:/Program Files/Unity/Hub/Editor/6000.2.10f1/Editor/Data/Managed/UnityEngine/UnityEditor.SpriteShapeModule.dll"
-r:"C:/Program Files/Unity/Hub/Editor/6000.2.10f1/Editor/Data/Managed/UnityEngine/UnityEditor.SubstanceModule.dll"
-r:"C:/Program Files/Unity/Hub/Editor/6000.2.10f1/Editor/Data/Managed/UnityEngine/UnityEditor.TerrainModule.dll"
-r:"C:/Program Files/Unity/Hub/Editor/6000.2.10f1/Editor/Data/Managed/UnityEngine/UnityEditor.TextCoreFontEngineModule.dll"
-r:"C:/Program Files/Unity/Hub/Editor/6000.2.10f1/Editor/Data/Managed/UnityEngine/UnityEditor.TextCoreTextEngineModule.dll"
-r:"C:/Program Files/Unity/Hub/Editor/6000.2.10f1/Editor/Data/Managed/UnityEngine/UnityEditor.TextRenderingModule.dll"
-r:"C:/Program Files/Unity/Hub/Editor/6000.2.10f1/Editor/Data/Managed/UnityEngine/UnityEditor.TilemapModule.dll"
-r:"C:/Program Files/Unity/Hub/Editor/6000.2.10f1/Editor/Data/Managed/UnityEngine/UnityEditor.TreeModule.dll"
-r:"C:/Program Files/Unity/Hub/Editor/6000.2.10f1/Editor/Data/Managed/UnityEngine/UnityEditor.UIAutomationModule.dll"
-r:"C:/Program Files/Unity/Hub/Editor/6000.2.10f1/Editor/Data/Managed/UnityEngine/UnityEditor.UIBuilderModule.dll"
-r:"C:/Program Files/Unity/Hub/Editor/6000.2.10f1/Editor/Data/Managed/UnityEngine/UnityEditor.UIElementsModule.dll"
-r:"C:/Program Files/Unity/Hub/Editor/6000.2.10f1/Editor/Data/Managed/UnityEngine/UnityEditor.UIElementsSamplesModule.dll"
-r:"C:/Program Files/Unity/Hub/Editor/6000.2.10f1/Editor/Data/Managed/UnityEngine/UnityEditor.UmbraModule.dll"
-r:"C:/Program Files/Unity/Hub/Editor/6000.2.10f1/Editor/Data/Managed/UnityEngine/UnityEditor.UnityConnectModule.dll"
-r:"C:/Program Files/Unity/Hub/Editor/6000.2.10f1/Editor/Data/Managed/UnityEngine/UnityEditor.VFXModule.dll"
-r:"C:/Program Files/Unity/Hub/Editor/6000.2.10f1/Editor/Data/Managed/UnityEngine/UnityEditor.VideoModule.dll"
-r:"C:/Program Files/Unity/Hub/Editor/6000.2.10f1/Editor/Data/Managed/UnityEngine/UnityEditor.XRModule.dll"
-r:"C:/Program Files/Unity/Hub/Editor/6000.2.10f1/Editor/Data/Managed/UnityEngine/UnityEngine.AccessibilityModule.dll"
-r:"C:/Program Files/Unity/Hub/Editor/6000.2.10f1/Editor/Data/Managed/UnityEngine/UnityEngine.AIModule.dll"
-r:"C:/Program Files/Unity/Hub/Editor/6000.2.10f1/Editor/Data/Managed/UnityEngine/UnityEngine.AMDModule.dll"
-r:"C:/Program Files/Unity/Hub/Editor/6000.2.10f1/Editor/Data/Managed/UnityEngine/UnityEngine.AndroidJNIModule.dll"
-r:"C:/Program Files/Unity/Hub/Editor/6000.2.10f1/Editor/Data/Managed/UnityEngine/UnityEngine.AnimationModule.dll"
-r:"C:/Program Files/Unity/Hub/Editor/6000.2.10f1/Editor/Data/Managed/UnityEngine/UnityEngine.ARModule.dll"
-r:"C:/Program Files/Unity/Hub/Editor/6000.2.10f1/Editor/Data/Managed/UnityEngine/UnityEngine.AssetBundleModule.dll"
-r:"C:/Program Files/Unity/Hub/Editor/6000.2.10f1/Editor/Data/Managed/UnityEngine/UnityEngine.AudioModule.dll"
-r:"C:/Program Files/Unity/Hub/Editor/6000.2.10f1/Editor/Data/Managed/UnityEngine/UnityEngine.ClothModule.dll"
-r:"C:/Program Files/Unity/Hub/Editor/6000.2.10f1/Editor/Data/Managed/UnityEngine/UnityEngine.ClusterInputModule.dll"
-r:"C:/Program Files/Unity/Hub/Editor/6000.2.10f1/Editor/Data/Managed/UnityEngine/UnityEngine.ClusterRendererModule.dll"
-r:"C:/Program Files/Unity/Hub/Editor/6000.2.10f1/Editor/Data/Managed/UnityEngine/UnityEngine.ContentLoadModule.dll"
-r:"C:/Program Files/Unity/Hub/Editor/6000.2.10f1/Editor/Data/Managed/UnityEngine/UnityEngine.CoreModule.dll"
-r:"C:/Program Files/Unity/Hub/Editor/6000.2.10f1/Editor/Data/Managed/UnityEngine/UnityEngine.CrashReportingModule.dll"
-r:"C:/Program Files/Unity/Hub/Editor/6000.2.10f1/Editor/Data/Managed/UnityEngine/UnityEngine.DirectorModule.dll"
-r:"C:/Program Files/Unity/Hub/Editor/6000.2.10f1/Editor/Data/Managed/UnityEngine/UnityEngine.dll"
-r:"C:/Program Files/Unity/Hub/Editor/6000.2.10f1/Editor/Data/Managed/UnityEngine/UnityEngine.DSPGraphModule.dll"
-r:"C:/Program Files/Unity/Hub/Editor/6000.2.10f1/Editor/Data/Managed/UnityEngine/UnityEngine.GameCenterModule.dll"
-r:"C:/Program Files/Unity/Hub/Editor/6000.2.10f1/Editor/Data/Managed/UnityEngine/UnityEngine.GIModule.dll"
-r:"C:/Program Files/Unity/Hub/Editor/6000.2.10f1/Editor/Data/Managed/UnityEngine/UnityEngine.GraphicsStateCollectionSerializerModule.dll"
-r:"C:/Program Files/Unity/Hub/Editor/6000.2.10f1/Editor/Data/Managed/UnityEngine/UnityEngine.GridModule.dll"
-r:"C:/Program Files/Unity/Hub/Editor/6000.2.10f1/Editor/Data/Managed/UnityEngine/UnityEngine.HierarchyCoreModule.dll"
-r:"C:/Program Files/Unity/Hub/Editor/6000.2.10f1/Editor/Data/Managed/UnityEngine/UnityEngine.HotReloadModule.dll"
-r:"C:/Program Files/Unity/Hub/Editor/6000.2.10f1/Editor/Data/Managed/UnityEngine/UnityEngine.IdentifiersModule.dll"
-r:"C:/Program Files/Unity/Hub/Editor/6000.2.10f1/Editor/Data/Managed/UnityEngine/UnityEngine.ImageConversionModule.dll"
-r:"C:/Program Files/Unity/Hub/Editor/6000.2.10f1/Editor/Data/Managed/UnityEngine/UnityEngine.IMGUIModule.dll"
-r:"C:/Program Files/Unity/Hub/Editor/6000.2.10f1/Editor/Data/Managed/UnityEngine/UnityEngine.InputForUIModule.dll"
-r:"C:/Program Files/Unity/Hub/Editor/6000.2.10f1/Editor/Data/Managed/UnityEngine/UnityEngine.InputLegacyModule.dll"
-r:"C:/Program Files/Unity/Hub/Editor/6000.2.10f1/Editor/Data/Managed/UnityEngine/UnityEngine.InputModule.dll"
-r:"C:/Program Files/Unity/Hub/Editor/6000.2.10f1/Editor/Data/Managed/UnityEngine/UnityEngine.InsightsModule.dll"
-r:"C:/Program Files/Unity/Hub/Editor/6000.2.10f1/Editor/Data/Managed/UnityEngine/UnityEngine.JSONSerializeModule.dll"
-r:"C:/Program Files/Unity/Hub/Editor/6000.2.10f1/Editor/Data/Managed/UnityEngine/UnityEngine.LocalizationModule.dll"
-r:"C:/Program Files/Unity/Hub/Editor/6000.2.10f1/Editor/Data/Managed/UnityEngine/UnityEngine.MarshallingModule.dll"
-r:"C:/Program Files/Unity/Hub/Editor/6000.2.10f1/Editor/Data/Managed/UnityEngine/UnityEngine.MultiplayerModule.dll"
-r:"C:/Program Files/Unity/Hub/Editor/6000.2.10f1/Editor/Data/Managed/UnityEngine/UnityEngine.NVIDIAModule.dll"
-r:"C:/Program Files/Unity/Hub/Editor/6000.2.10f1/Editor/Data/Managed/UnityEngine/UnityEngine.ParticleSystemModule.dll"
-r:"C:/Program Files/Unity/Hub/Editor/6000.2.10f1/Editor/Data/Managed/UnityEngine/UnityEngine.PerformanceReportingModule.dll"
-r:"C:/Program Files/Unity/Hub/Editor/6000.2.10f1/Editor/Data/Managed/UnityEngine/UnityEngine.Physics2DModule.dll"
-r:"C:/Program Files/Unity/Hub/Editor/6000.2.10f1/Editor/Data/Managed/UnityEngine/UnityEngine.PhysicsModule.dll"
-r:"C:/Program Files/Unity/Hub/Editor/6000.2.10f1/Editor/Data/Managed/UnityEngine/UnityEngine.PropertiesModule.dll"
-r:"C:/Program Files/Unity/Hub/Editor/6000.2.10f1/Editor/Data/Managed/UnityEngine/UnityEngine.RuntimeInitializeOnLoadManagerInitializerModule.dll"
-r:"C:/Program Files/Unity/Hub/Editor/6000.2.10f1/Editor/Data/Managed/UnityEngine/UnityEngine.ScreenCaptureModule.dll"
-r:"C:/Program Files/Unity/Hub/Editor/6000.2.10f1/Editor/Data/Managed/UnityEngine/UnityEngine.ShaderVariantAnalyticsModule.dll"
-r:"C:/Program Files/Unity/Hub/Editor/6000.2.10f1/Editor/Data/Managed/UnityEngine/UnityEngine.SharedInternalsModule.dll"
-r:"C:/Program Files/Unity/Hub/Editor/6000.2.10f1/Editor/Data/Managed/UnityEngine/UnityEngine.SpriteMaskModule.dll"
-r:"C:/Program Files/Unity/Hub/Editor/6000.2.10f1/Editor/Data/Managed/UnityEngine/UnityEngine.SpriteShapeModule.dll"
-r:"C:/Program Files/Unity/Hub/Editor/6000.2.10f1/Editor/Data/Managed/UnityEngine/UnityEngine.StreamingModule.dll"
-r:"C:/Program Files/Unity/Hub/Editor/6000.2.10f1/Editor/Data/Managed/UnityEngine/UnityEngine.SubstanceModule.dll"
-r:"C:/Program Files/Unity/Hub/Editor/6000.2.10f1/Editor/Data/Managed/UnityEngine/UnityEngine.SubsystemsModule.dll"
-r:"C:/Program Files/Unity/Hub/Editor/6000.2.10f1/Editor/Data/Managed/UnityEngine/UnityEngine.TerrainModule.dll"
-r:"C:/Program Files/Unity/Hub/Editor/6000.2.10f1/Editor/Data/Managed/UnityEngine/UnityEngine.TerrainPhysicsModule.dll"
-r:"C:/Program Files/Unity/Hub/Editor/6000.2.10f1/Editor/Data/Managed/UnityEngine/UnityEngine.TextCoreFontEngineModule.dll"
-r:"C:/Program Files/Unity/Hub/Editor/6000.2.10f1/Editor/Data/Managed/UnityEngine/UnityEngine.TextCoreTextEngineModule.dll"
-r:"C:/Program Files/Unity/Hub/Editor/6000.2.10f1/Editor/Data/Managed/UnityEngine/UnityEngine.TextRenderingModule.dll"
-r:"C:/Program Files/Unity/Hub/Editor/6000.2.10f1/Editor/Data/Managed/UnityEngine/UnityEngine.TilemapModule.dll"
-r:"C:/Program Files/Unity/Hub/Editor/6000.2.10f1/Editor/Data/Managed/UnityEngine/UnityEngine.TLSModule.dll"
-r:"C:/Program Files/Unity/Hub/Editor/6000.2.10f1/Editor/Data/Managed/UnityEngine/UnityEngine.UIElementsModule.dll"
-r:"C:/Program Files/Unity/Hub/Editor/6000.2.10f1/Editor/Data/Managed/UnityEngine/UnityEngine.UIModule.dll"
-r:"C:/Program Files/Unity/Hub/Editor/6000.2.10f1/Editor/Data/Managed/UnityEngine/UnityEngine.UmbraModule.dll"
-r:"C:/Program Files/Unity/Hub/Editor/6000.2.10f1/Editor/Data/Managed/UnityEngine/UnityEngine.UnityAnalyticsCommonModule.dll"
-r:"C:/Program Files/Unity/Hub/Editor/6000.2.10f1/Editor/Data/Managed/UnityEngine/UnityEngine.UnityAnalyticsModule.dll"
-r:"C:/Program Files/Unity/Hub/Editor/6000.2.10f1/Editor/Data/Managed/UnityEngine/UnityEngine.UnityConnectModule.dll"
-r:"C:/Program Files/Unity/Hub/Editor/6000.2.10f1/Editor/Data/Managed/UnityEngine/UnityEngine.UnityConsentModule.dll"
-r:"C:/Program Files/Unity/Hub/Editor/6000.2.10f1/Editor/Data/Managed/UnityEngine/UnityEngine.UnityCurlModule.dll"
-r:"C:/Program Files/Unity/Hub/Editor/6000.2.10f1/Editor/Data/Managed/UnityEngine/UnityEngine.UnityTestProtocolModule.dll"
-r:"C:/Program Files/Unity/Hub/Editor/6000.2.10f1/Editor/Data/Managed/UnityEngine/UnityEngine.UnityWebRequestAssetBundleModule.dll"
-r:"C:/Program Files/Unity/Hub/Editor/6000.2.10f1/Editor/Data/Managed/UnityEngine/UnityEngine.UnityWebRequestAudioModule.dll"
-r:"C:/Program Files/Unity/Hub/Editor/6000.2.10f1/Editor/Data/Managed/UnityEngine/UnityEngine.UnityWebRequestModule.dll"
-r:"C:/Program Files/Unity/Hub/Editor/6000.2.10f1/Editor/Data/Managed/UnityEngine/UnityEngine.UnityWebRequestTextureModule.dll"
-r:"C:/Program Files/Unity/Hub/Editor/6000.2.10f1/Editor/Data/Managed/UnityEngine/UnityEngine.UnityWebRequestWWWModule.dll"
-r:"C:/Program Files/Unity/Hub/Editor/6000.2.10f1/Editor/Data/Managed/UnityEngine/UnityEngine.VehiclesModule.dll"
-r:"C:/Program Files/Unity/Hub/Editor/6000.2.10f1/Editor/Data/Managed/UnityEngine/UnityEngine.VFXModule.dll"
-r:"C:/Program Files/Unity/Hub/Editor/6000.2.10f1/Editor/Data/Managed/UnityEngine/UnityEngine.VideoModule.dll"
-r:"C:/Program Files/Unity/Hub/Editor/6000.2.10f1/Editor/Data/Managed/UnityEngine/UnityEngine.VirtualTexturingModule.dll"
-r:"C:/Program Files/Unity/Hub/Editor/6000.2.10f1/Editor/Data/Managed/UnityEngine/UnityEngine.VRModule.dll"
-r:"C:/Program Files/Unity/Hub/Editor/6000.2.10f1/Editor/Data/Managed/UnityEngine/UnityEngine.WindModule.dll"
-r:"C:/Program Files/Unity/Hub/Editor/6000.2.10f1/Editor/Data/Managed/UnityEngine/UnityEngine.XRModule.dll"
-r:"C:/Program Files/Unity/Hub/Editor/6000.2.10f1/Editor/Data/PlaybackEngines/WebGLSupport/UnityEditor.WebGL.Extensions.dll"
-r:"C:/Program Files/Unity/Hub/Editor/6000.2.10f1/Editor/Data/PlaybackEngines/WindowsStandaloneSupport/UnityEditor.WindowsStandalone.Extensions.dll"
-r:"C:/Program Files/Unity/Hub/Editor/6000.2.10f1/Editor/Data/UnityReferenceAssemblies/unity-4.8-api/Facades/Microsoft.Win32.Primitives.dll"
-r:"C:/Program Files/Unity/Hub/Editor/6000.2.10f1/Editor/Data/UnityReferenceAssemblies/unity-4.8-api/Facades/netstandard.dll"
-r:"C:/Program Files/Unity/Hub/Editor/6000.2.10f1/Editor/Data/UnityReferenceAssemblies/unity-4.8-api/Facades/System.AppContext.dll"
-r:"C:/Program Files/Unity/Hub/Editor/6000.2.10f1/Editor/Data/UnityReferenceAssemblies/unity-4.8-api/Facades/System.Buffers.dll"
-r:"C:/Program Files/Unity/Hub/Editor/6000.2.10f1/Editor/Data/UnityReferenceAssemblies/unity-4.8-api/Facades/System.Collections.Concurrent.dll"
-r:"C:/Program Files/Unity/Hub/Editor/6000.2.10f1/Editor/Data/UnityReferenceAssemblies/unity-4.8-api/Facades/System.Collections.dll"
-r:"C:/Program Files/Unity/Hub/Editor/6000.2.10f1/Editor/Data/UnityReferenceAssemblies/unity-4.8-api/Facades/System.Collections.NonGeneric.dll"
-r:"C:/Program Files/Unity/Hub/Editor/6000.2.10f1/Editor/Data/UnityReferenceAssemblies/unity-4.8-api/Facades/System.Collections.Specialized.dll"
-r:"C:/Program Files/Unity/Hub/Editor/6000.2.10f1/Editor/Data/UnityReferenceAssemblies/unity-4.8-api/Facades/System.ComponentModel.Annotations.dll"
-r:"C:/Program Files/Unity/Hub/Editor/6000.2.10f1/Editor/Data/UnityReferenceAssemblies/unity-4.8-api/Facades/System.ComponentModel.dll"
-r:"C:/Program Files/Unity/Hub/Editor/6000.2.10f1/Editor/Data/UnityReferenceAssemblies/unity-4.8-api/Facades/System.ComponentModel.EventBasedAsync.dll"
-r:"C:/Program Files/Unity/Hub/Editor/6000.2.10f1/Editor/Data/UnityReferenceAssemblies/unity-4.8-api/Facades/System.ComponentModel.Primitives.dll"
-r:"C:/Program Files/Unity/Hub/Editor/6000.2.10f1/Editor/Data/UnityReferenceAssemblies/unity-4.8-api/Facades/System.ComponentModel.TypeConverter.dll"
-r:"C:/Program Files/Unity/Hub/Editor/6000.2.10f1/Editor/Data/UnityReferenceAssemblies/unity-4.8-api/Facades/System.Console.dll"
-r:"C:/Program Files/Unity/Hub/Editor/6000.2.10f1/Editor/Data/UnityReferenceAssemblies/unity-4.8-api/Facades/System.Data.Common.dll"
-r:"C:/Program Files/Unity/Hub/Editor/6000.2.10f1/Editor/Data/UnityReferenceAssemblies/unity-4.8-api/Facades/System.Diagnostics.Contracts.dll"
-r:"C:/Program Files/Unity/Hub/Editor/6000.2.10f1/Editor/Data/UnityReferenceAssemblies/unity-4.8-api/Facades/System.Diagnostics.Debug.dll"
-r:"C:/Program Files/Unity/Hub/Editor/6000.2.10f1/Editor/Data/UnityReferenceAssemblies/unity-4.8-api/Facades/System.Diagnostics.FileVersionInfo.dll"
-r:"C:/Program Files/Unity/Hub/Editor/6000.2.10f1/Editor/Data/UnityReferenceAssemblies/unity-4.8-api/Facades/System.Diagnostics.Process.dll"
-r:"C:/Program Files/Unity/Hub/Editor/6000.2.10f1/Editor/Data/UnityReferenceAssemblies/unity-4.8-api/Facades/System.Diagnostics.StackTrace.dll"
-r:"C:/Program Files/Unity/Hub/Editor/6000.2.10f1/Editor/Data/UnityReferenceAssemblies/unity-4.8-api/Facades/System.Diagnostics.TextWriterTraceListener.dll"
-r:"C:/Program Files/Unity/Hub/Editor/6000.2.10f1/Editor/Data/UnityReferenceAssemblies/unity-4.8-api/Facades/System.Diagnostics.Tools.dll"
-r:"C:/Program Files/Unity/Hub/Editor/6000.2.10f1/Editor/Data/UnityReferenceAssemblies/unity-4.8-api/Facades/System.Diagnostics.TraceSource.dll"
-r:"C:/Program Files/Unity/Hub/Editor/6000.2.10f1/Editor/Data/UnityReferenceAssemblies/unity-4.8-api/Facades/System.Drawing.Primitives.dll"
-r:"C:/Program Files/Unity/Hub/Editor/6000.2.10f1/Editor/Data/UnityReferenceAssemblies/unity-4.8-api/Facades/System.Dynamic.Runtime.dll"
-r:"C:/Program Files/Unity/Hub/Editor/6000.2.10f1/Editor/Data/UnityReferenceAssemblies/unity-4.8-api/Facades/System.Globalization.Calendars.dll"
-r:"C:/Program Files/Unity/Hub/Editor/6000.2.10f1/Editor/Data/UnityReferenceAssemblies/unity-4.8-api/Facades/System.Globalization.dll"
-r:"C:/Program Files/Unity/Hub/Editor/6000.2.10f1/Editor/Data/UnityReferenceAssemblies/unity-4.8-api/Facades/System.Globalization.Extensions.dll"
-r:"C:/Program Files/Unity/Hub/Editor/6000.2.10f1/Editor/Data/UnityReferenceAssemblies/unity-4.8-api/Facades/System.IO.Compression.ZipFile.dll"
-r:"C:/Program Files/Unity/Hub/Editor/6000.2.10f1/Editor/Data/UnityReferenceAssemblies/unity-4.8-api/Facades/System.IO.dll"
-r:"C:/Program Files/Unity/Hub/Editor/6000.2.10f1/Editor/Data/UnityReferenceAssemblies/unity-4.8-api/Facades/System.IO.FileSystem.dll"
-r:"C:/Program Files/Unity/Hub/Editor/6000.2.10f1/Editor/Data/UnityReferenceAssemblies/unity-4.8-api/Facades/System.IO.FileSystem.DriveInfo.dll"
-r:"C:/Program Files/Unity/Hub/Editor/6000.2.10f1/Editor/Data/UnityReferenceAssemblies/unity-4.8-api/Facades/System.IO.FileSystem.Primitives.dll"
-r:"C:/Program Files/Unity/Hub/Editor/6000.2.10f1/Editor/Data/UnityReferenceAssemblies/unity-4.8-api/Facades/System.IO.FileSystem.Watcher.dll"
-r:"C:/Program Files/Unity/Hub/Editor/6000.2.10f1/Editor/Data/UnityReferenceAssemblies/unity-4.8-api/Facades/System.IO.IsolatedStorage.dll"
-r:"C:/Program Files/Unity/Hub/Editor/6000.2.10f1/Editor/Data/UnityReferenceAssemblies/unity-4.8-api/Facades/System.IO.MemoryMappedFiles.dll"
-r:"C:/Program Files/Unity/Hub/Editor/6000.2.10f1/Editor/Data/UnityReferenceAssemblies/unity-4.8-api/Facades/System.IO.Pipes.dll"
-r:"C:/Program Files/Unity/Hub/Editor/6000.2.10f1/Editor/Data/UnityReferenceAssemblies/unity-4.8-api/Facades/System.IO.UnmanagedMemoryStream.dll"
-r:"C:/Program Files/Unity/Hub/Editor/6000.2.10f1/Editor/Data/UnityReferenceAssemblies/unity-4.8-api/Facades/System.Linq.dll"
-r:"C:/Program Files/Unity/Hub/Editor/6000.2.10f1/Editor/Data/UnityReferenceAssemblies/unity-4.8-api/Facades/System.Linq.Expressions.dll"
-r:"C:/Program Files/Unity/Hub/Editor/6000.2.10f1/Editor/Data/UnityReferenceAssemblies/unity-4.8-api/Facades/System.Linq.Parallel.dll"
-r:"C:/Program Files/Unity/Hub/Editor/6000.2.10f1/Editor/Data/UnityReferenceAssemblies/unity-4.8-api/Facades/System.Linq.Queryable.dll"
-r:"C:/Program Files/Unity/Hub/Editor/6000.2.10f1/Editor/Data/UnityReferenceAssemblies/unity-4.8-api/Facades/System.Memory.dll"
-r:"C:/Program Files/Unity/Hub/Editor/6000.2.10f1/Editor/Data/UnityReferenceAssemblies/unity-4.8-api/Facades/System.Net.Http.Rtc.dll"
-r:"C:/Program Files/Unity/Hub/Editor/6000.2.10f1/Editor/Data/UnityReferenceAssemblies/unity-4.8-api/Facades/System.Net.NameResolution.dll"
-r:"C:/Program Files/Unity/Hub/Editor/6000.2.10f1/Editor/Data/UnityReferenceAssemblies/unity-4.8-api/Facades/System.Net.NetworkInformation.dll"
-r:"C:/Program Files/Unity/Hub/Editor/6000.2.10f1/Editor/Data/UnityReferenceAssemblies/unity-4.8-api/Facades/System.Net.Ping.dll"
-r:"C:/Program Files/Unity/Hub/Editor/6000.2.10f1/Editor/Data/UnityReferenceAssemblies/unity-4.8-api/Facades/System.Net.Primitives.dll"
-r:"C:/Program Files/Unity/Hub/Editor/6000.2.10f1/Editor/Data/UnityReferenceAssemblies/unity-4.8-api/Facades/System.Net.Requests.dll"
-r:"C:/Program Files/Unity/Hub/Editor/6000.2.10f1/Editor/Data/UnityReferenceAssemblies/unity-4.8-api/Facades/System.Net.Security.dll"
-r:"C:/Program Files/Unity/Hub/Editor/6000.2.10f1/Editor/Data/UnityReferenceAssemblies/unity-4.8-api/Facades/System.Net.Sockets.dll"
-r:"C:/Program Files/Unity/Hub/Editor/6000.2.10f1/Editor/Data/UnityReferenceAssemblies/unity-4.8-api/Facades/System.Net.WebHeaderCollection.dll"
-r:"C:/Program Files/Unity/Hub/Editor/6000.2.10f1/Editor/Data/UnityReferenceAssemblies/unity-4.8-api/Facades/System.Net.WebSockets.Client.dll"
-r:"C:/Program Files/Unity/Hub/Editor/6000.2.10f1/Editor/Data/UnityReferenceAssemblies/unity-4.8-api/Facades/System.Net.WebSockets.dll"
-r:"C:/Program Files/Unity/Hub/Editor/6000.2.10f1/Editor/Data/UnityReferenceAssemblies/unity-4.8-api/Facades/System.ObjectModel.dll"
-r:"C:/Program Files/Unity/Hub/Editor/6000.2.10f1/Editor/Data/UnityReferenceAssemblies/unity-4.8-api/Facades/System.Reflection.DispatchProxy.dll"
-r:"C:/Program Files/Unity/Hub/Editor/6000.2.10f1/Editor/Data/UnityReferenceAssemblies/unity-4.8-api/Facades/System.Reflection.dll"
-r:"C:/Program Files/Unity/Hub/Editor/6000.2.10f1/Editor/Data/UnityReferenceAssemblies/unity-4.8-api/Facades/System.Reflection.Emit.dll"
-r:"C:/Program Files/Unity/Hub/Editor/6000.2.10f1/Editor/Data/UnityReferenceAssemblies/unity-4.8-api/Facades/System.Reflection.Emit.ILGeneration.dll"
-r:"C:/Program Files/Unity/Hub/Editor/6000.2.10f1/Editor/Data/UnityReferenceAssemblies/unity-4.8-api/Facades/System.Reflection.Emit.Lightweight.dll"
-r:"C:/Program Files/Unity/Hub/Editor/6000.2.10f1/Editor/Data/UnityReferenceAssemblies/unity-4.8-api/Facades/System.Reflection.Extensions.dll"
-r:"C:/Program Files/Unity/Hub/Editor/6000.2.10f1/Editor/Data/UnityReferenceAssemblies/unity-4.8-api/Facades/System.Reflection.Primitives.dll"
-r:"C:/Program Files/Unity/Hub/Editor/6000.2.10f1/Editor/Data/UnityReferenceAssemblies/unity-4.8-api/Facades/System.Resources.Reader.dll"
-r:"C:/Program Files/Unity/Hub/Editor/6000.2.10f1/Editor/Data/UnityReferenceAssemblies/unity-4.8-api/Facades/System.Resources.ResourceManager.dll"
-r:"C:/Program Files/Unity/Hub/Editor/6000.2.10f1/Editor/Data/UnityReferenceAssemblies/unity-4.8-api/Facades/System.Resources.Writer.dll"
-r:"C:/Program Files/Unity/Hub/Editor/6000.2.10f1/Editor/Data/UnityReferenceAssemblies/unity-4.8-api/Facades/System.Runtime.CompilerServices.VisualC.dll"
-r:"C:/Program Files/Unity/Hub/Editor/6000.2.10f1/Editor/Data/UnityReferenceAssemblies/unity-4.8-api/Facades/System.Runtime.dll"
-r:"C:/Program Files/Unity/Hub/Editor/6000.2.10f1/Editor/Data/UnityReferenceAssemblies/unity-4.8-api/Facades/System.Runtime.Extensions.dll"
-r:"C:/Program Files/Unity/Hub/Editor/6000.2.10f1/Editor/Data/UnityReferenceAssemblies/unity-4.8-api/Facades/System.Runtime.Handles.dll"
-r:"C:/Program Files/Unity/Hub/Editor/6000.2.10f1/Editor/Data/UnityReferenceAssemblies/unity-4.8-api/Facades/System.Runtime.InteropServices.dll"
-r:"C:/Program Files/Unity/Hub/Editor/6000.2.10f1/Editor/Data/UnityReferenceAssemblies/unity-4.8-api/Facades/System.Runtime.InteropServices.RuntimeInformation.dll"
-r:"C:/Program Files/Unity/Hub/Editor/6000.2.10f1/Editor/Data/UnityReferenceAssemblies/unity-4.8-api/Facades/System.Runtime.InteropServices.WindowsRuntime.dll"
-r:"C:/Program Files/Unity/Hub/Editor/6000.2.10f1/Editor/Data/UnityReferenceAssemblies/unity-4.8-api/Facades/System.Runtime.Numerics.dll"
-r:"C:/Program Files/Unity/Hub/Editor/6000.2.10f1/Editor/Data/UnityReferenceAssemblies/unity-4.8-api/Facades/System.Runtime.Serialization.Formatters.dll"
-r:"C:/Program Files/Unity/Hub/Editor/6000.2.10f1/Editor/Data/UnityReferenceAssemblies/unity-4.8-api/Facades/System.Runtime.Serialization.Json.dll"
-r:"C:/Program Files/Unity/Hub/Editor/6000.2.10f1/Editor/Data/UnityReferenceAssemblies/unity-4.8-api/Facades/System.Runtime.Serialization.Primitives.dll"
-r:"C:/Program Files/Unity/Hub/Editor/6000.2.10f1/Editor/Data/UnityReferenceAssemblies/unity-4.8-api/Facades/System.Runtime.Serialization.Xml.dll"
-r:"C:/Program Files/Unity/Hub/Editor/6000.2.10f1/Editor/Data/UnityReferenceAssemblies/unity-4.8-api/Facades/System.Security.Claims.dll"
-r:"C:/Program Files/Unity/Hub/Editor/6000.2.10f1/Editor/Data/UnityReferenceAssemblies/unity-4.8-api/Facades/System.Security.Cryptography.Algorithms.dll"
-r:"C:/Program Files/Unity/Hub/Editor/6000.2.10f1/Editor/Data/UnityReferenceAssemblies/unity-4.8-api/Facades/System.Security.Cryptography.Csp.dll"
-r:"C:/Program Files/Unity/Hub/Editor/6000.2.10f1/Editor/Data/UnityReferenceAssemblies/unity-4.8-api/Facades/System.Security.Cryptography.Encoding.dll"
-r:"C:/Program Files/Unity/Hub/Editor/6000.2.10f1/Editor/Data/UnityReferenceAssemblies/unity-4.8-api/Facades/System.Security.Cryptography.Primitives.dll"
-r:"C:/Program Files/Unity/Hub/Editor/6000.2.10f1/Editor/Data/UnityReferenceAssemblies/unity-4.8-api/Facades/System.Security.Cryptography.X509Certificates.dll"
-r:"C:/Program Files/Unity/Hub/Editor/6000.2.10f1/Editor/Data/UnityReferenceAssemblies/unity-4.8-api/Facades/System.Security.Principal.dll"
-r:"C:/Program Files/Unity/Hub/Editor/6000.2.10f1/Editor/Data/UnityReferenceAssemblies/unity-4.8-api/Facades/System.Security.SecureString.dll"
-r:"C:/Program Files/Unity/Hub/Editor/6000.2.10f1/Editor/Data/UnityReferenceAssemblies/unity-4.8-api/Facades/System.ServiceModel.Duplex.dll"
-r:"C:/Program Files/Unity/Hub/Editor/6000.2.10f1/Editor/Data/UnityReferenceAssemblies/unity-4.8-api/Facades/System.ServiceModel.Http.dll"
-r:"C:/Program Files/Unity/Hub/Editor/6000.2.10f1/Editor/Data/UnityReferenceAssemblies/unity-4.8-api/Facades/System.ServiceModel.NetTcp.dll"
-r:"C:/Program Files/Unity/Hub/Editor/6000.2.10f1/Editor/Data/UnityReferenceAssemblies/unity-4.8-api/Facades/System.ServiceModel.Primitives.dll"
-r:"C:/Program Files/Unity/Hub/Editor/6000.2.10f1/Editor/Data/UnityReferenceAssemblies/unity-4.8-api/Facades/System.ServiceModel.Security.dll"
-r:"C:/Program Files/Unity/Hub/Editor/6000.2.10f1/Editor/Data/UnityReferenceAssemblies/unity-4.8-api/Facades/System.Text.Encoding.dll"
-r:"C:/Program Files/Unity/Hub/Editor/6000.2.10f1/Editor/Data/UnityReferenceAssemblies/unity-4.8-api/Facades/System.Text.Encoding.Extensions.dll"
-r:"C:/Program Files/Unity/Hub/Editor/6000.2.10f1/Editor/Data/UnityReferenceAssemblies/unity-4.8-api/Facades/System.Text.RegularExpressions.dll"
-r:"C:/Program Files/Unity/Hub/Editor/6000.2.10f1/Editor/Data/UnityReferenceAssemblies/unity-4.8-api/Facades/System.Threading.dll"
-r:"C:/Program Files/Unity/Hub/Editor/6000.2.10f1/Editor/Data/UnityReferenceAssemblies/unity-4.8-api/Facades/System.Threading.Overlapped.dll"
-r:"C:/Program Files/Unity/Hub/Editor/6000.2.10f1/Editor/Data/UnityReferenceAssemblies/unity-4.8-api/Facades/System.Threading.Tasks.dll"
-r:"C:/Program Files/Unity/Hub/Editor/6000.2.10f1/Editor/Data/UnityReferenceAssemblies/unity-4.8-api/Facades/System.Threading.Tasks.Extensions.dll"
-r:"C:/Program Files/Unity/Hub/Editor/6000.2.10f1/Editor/Data/UnityReferenceAssemblies/unity-4.8-api/Facades/System.Threading.Tasks.Parallel.dll"
-r:"C:/Program Files/Unity/Hub/Editor/6000.2.10f1/Editor/Data/UnityReferenceAssemblies/unity-4.8-api/Facades/System.Threading.Thread.dll"
-r:"C:/Program Files/Unity/Hub/Editor/6000.2.10f1/Editor/Data/UnityReferenceAssemblies/unity-4.8-api/Facades/System.Threading.ThreadPool.dll"
-r:"C:/Program Files/Unity/Hub/Editor/6000.2.10f1/Editor/Data/UnityReferenceAssemblies/unity-4.8-api/Facades/System.Threading.Timer.dll"
-r:"C:/Program Files/Unity/Hub/Editor/6000.2.10f1/Editor/Data/UnityReferenceAssemblies/unity-4.8-api/Facades/System.ValueTuple.dll"
-r:"C:/Program Files/Unity/Hub/Editor/6000.2.10f1/Editor/Data/UnityReferenceAssemblies/unity-4.8-api/Facades/System.Xml.ReaderWriter.dll"
-r:"C:/Program Files/Unity/Hub/Editor/6000.2.10f1/Editor/Data/UnityReferenceAssemblies/unity-4.8-api/Facades/System.Xml.XDocument.dll"
-r:"C:/Program Files/Unity/Hub/Editor/6000.2.10f1/Editor/Data/UnityReferenceAssemblies/unity-4.8-api/Facades/System.Xml.XmlDocument.dll"
-r:"C:/Program Files/Unity/Hub/Editor/6000.2.10f1/Editor/Data/UnityReferenceAssemblies/unity-4.8-api/Facades/System.Xml.XmlSerializer.dll"
-r:"C:/Program Files/Unity/Hub/Editor/6000.2.10f1/Editor/Data/UnityReferenceAssemblies/unity-4.8-api/Facades/System.Xml.XPath.dll"
-r:"C:/Program Files/Unity/Hub/Editor/6000.2.10f1/Editor/Data/UnityReferenceAssemblies/unity-4.8-api/Facades/System.Xml.XPath.XDocument.dll"
-r:"C:/Program Files/Unity/Hub/Editor/6000.2.10f1/Editor/Data/UnityReferenceAssemblies/unity-4.8-api/Microsoft.CSharp.dll"
-r:"C:/Program Files/Unity/Hub/Editor/6000.2.10f1/Editor/Data/UnityReferenceAssemblies/unity-4.8-api/mscorlib.dll"
-r:"C:/Program Files/Unity/Hub/Editor/6000.2.10f1/Editor/Data/UnityReferenceAssemblies/unity-4.8-api/System.ComponentModel.Composition.dll"
-r:"C:/Program Files/Unity/Hub/Editor/6000.2.10f1/Editor/Data/UnityReferenceAssemblies/unity-4.8-api/System.Core.dll"
-r:"C:/Program Files/Unity/Hub/Editor/6000.2.10f1/Editor/Data/UnityReferenceAssemblies/unity-4.8-api/System.Data.DataSetExtensions.dll"
-r:"C:/Program Files/Unity/Hub/Editor/6000.2.10f1/Editor/Data/UnityReferenceAssemblies/unity-4.8-api/System.Data.dll"
-r:"C:/Program Files/Unity/Hub/Editor/6000.2.10f1/Editor/Data/UnityReferenceAssemblies/unity-4.8-api/System.dll"
-r:"C:/Program Files/Unity/Hub/Editor/6000.2.10f1/Editor/Data/UnityReferenceAssemblies/unity-4.8-api/System.Drawing.dll"
-r:"C:/Program Files/Unity/Hub/Editor/6000.2.10f1/Editor/Data/UnityReferenceAssemblies/unity-4.8-api/System.IO.Compression.dll"
-r:"C:/Program Files/Unity/Hub/Editor/6000.2.10f1/Editor/Data/UnityReferenceAssemblies/unity-4.8-api/System.IO.Compression.FileSystem.dll"
-r:"C:/Program Files/Unity/Hub/Editor/6000.2.10f1/Editor/Data/UnityReferenceAssemblies/unity-4.8-api/System.Net.Http.dll"
-r:"C:/Program Files/Unity/Hub/Editor/6000.2.10f1/Editor/Data/UnityReferenceAssemblies/unity-4.8-api/System.Numerics.dll"
-r:"C:/Program Files/Unity/Hub/Editor/6000.2.10f1/Editor/Data/UnityReferenceAssemblies/unity-4.8-api/System.Numerics.Vectors.dll"
-r:"C:/Program Files/Unity/Hub/Editor/6000.2.10f1/Editor/Data/UnityReferenceAssemblies/unity-4.8-api/System.Runtime.Serialization.dll"
-r:"C:/Program Files/Unity/Hub/Editor/6000.2.10f1/Editor/Data/UnityReferenceAssemblies/unity-4.8-api/System.Transactions.dll"
-r:"C:/Program Files/Unity/Hub/Editor/6000.2.10f1/Editor/Data/UnityReferenceAssemblies/unity-4.8-api/System.Xml.dll"
-r:"C:/Program Files/Unity/Hub/Editor/6000.2.10f1/Editor/Data/UnityReferenceAssemblies/unity-4.8-api/System.Xml.Linq.dll"
-r:"Library/PackageCache/com.unity.ext.nunit@031a54704bff/net40/unity-custom/nunit.framework.dll"
-r:"Library/Bee/artifacts/1900b0aE.dag/SantasWorkshop.Core.ref.dll"
-r:"Library/Bee/artifacts/1900b0aE.dag/SantasWorkshop.Data.ref.dll"
-r:"Library/Bee/artifacts/1900b0aE.dag/SantasWorkshop.Machines.ref.dll"
-r:"Library/Bee/artifacts/1900b0aE.dag/UnityEditor.TestRunner.ref.dll"
-r:"Library/Bee/artifacts/1900b0aE.dag/UnityEditor.UI.ref.dll"
-r:"Library/Bee/artifacts/1900b0aE.dag/UnityEngine.TestRunner.ref.dll"
-r:"Library/Bee/artifacts/1900b0aE.dag/UnityEngine.UI.ref.dll"
-analyzer:"C:/Program Files/Unity/Hub/Editor/6000.2.10f1/Editor/Data/Tools/Unity.SourceGenerators/Unity.Properties.SourceGenerator.dll"
-analyzer:"C:/Program Files/Unity/Hub/Editor/6000.2.10f1/Editor/Data/Tools/Unity.SourceGenerators/Unity.SourceGenerators.dll"
-analyzer:"C:/Program Files/Unity/Hub/Editor/6000.2.10f1/Editor/Data/Tools/Unity.SourceGenerators/Unity.UIToolkit.SourceGenerator.dll"
"Assets/_Project/Tests/MachineBaseTests.cs"
"Assets/_Project/Tests/ResourceManagerTests.cs"
-langversion:9.0
/deterministic
/optimize+
/debug:portable
/nologo
/RuntimeMetadataVersion:v4.0.30319
/nowarn:0169
/nowarn:0649
/nowarn:0282
/nowarn:1701
/nowarn:1702
/utf8output
/preferreduilang:en-US
/additionalfile:"Library/Bee/artifacts/1900b0aE.dag/SantasWorkshop.Tests.UnityAdditionalFile.txt"
##### Custom Environment Variables
DOTNET_MULTILEVEL_LOOKUP=0
##### ExitCode
1
##### Output
Assets\_Project\Tests\ResourceManagerTests.cs(22,45): error CS0311: The type 'SantasWorkshop.Core.ResourceManager' cannot be used as type parameter 'T' in the generic type or method 'GameObject.AddComponent<T>()'. There is no implicit reference conversion from 'SantasWorkshop.Core.ResourceManager' to 'UnityEngine.Component'.

Assets\_Project\Tests\ResourceManagerTests.cs(22,45): error CS0012: The type 'Singleton<>' is defined in an assembly that is not referenced. You must add a reference to assembly 'SantasWorkshop.Utilities, Version=0.0.0.0, Culture=neutral, PublicKeyToken=null'.

Assets\_Project\Tests\ResourceManagerTests.cs(45,29): error CS0012: The type 'Singleton<>' is defined in an assembly that is not referenced. You must add a reference to assembly 'SantasWorkshop.Utilities, Version=0.0.0.0, Culture=neutral, PublicKeyToken=null'.

Assets\_Project\Tests\ResourceManagerTests.cs(48,50): error CS0012: The type 'Singleton<>' is defined in an assembly that is not referenced. You must add a reference to assembly 'SantasWorkshop.Utilities, Version=0.0.0.0, Culture=neutral, PublicKeyToken=null'.

Assets\_Project\Tests\ResourceManagerTests.cs(63,29): error CS0012: The type 'Singleton<>' is defined in an assembly that is not referenced. You must add a reference to assembly 'SantasWorkshop.Utilities, Version=0.0.0.0, Culture=neutral, PublicKeyToken=null'.

Assets\_Project\Tests\ResourceManagerTests.cs(66,49): error CS0012: The type 'Singleton<>' is defined in an assembly that is not referenced. You must add a reference to assembly 'SantasWorkshop.Utilities, Version=0.0.0.0, Culture=neutral, PublicKeyToken=null'.

Assets\_Project\Tests\ResourceManagerTests.cs(68,49): error CS0012: The type 'Singleton<>' is defined in an assembly that is not referenced. You must add a reference to assembly 'SantasWorkshop.Utilities, Version=0.0.0.0, Culture=neutral, PublicKeyToken=null'.

Assets\_Project\Tests\ResourceManagerTests.cs(79,29): error CS0012: The type 'Singleton<>' is defined in an assembly that is not referenced. You must add a reference to assembly 'SantasWorkshop.Utilities, Version=0.0.0.0, Culture=neutral, PublicKeyToken=null'.

Assets\_Project\Tests\ResourceManagerTests.cs(80,29): error CS0012: The type 'Singleton<>' is defined in an assembly that is not referenced. You must add a reference to assembly 'SantasWorkshop.Utilities, Version=0.0.0.0, Culture=neutral, PublicKeyToken=null'.

Assets\_Project\Tests\ResourceManagerTests.cs(81,29): error CS0012: The type 'Singleton<>' is defined in an assembly that is not referenced. You must add a reference to assembly 'SantasWorkshop.Utilities, Version=0.0.0.0, Culture=neutral, PublicKeyToken=null'.

Assets\_Project\Tests\ResourceManagerTests.cs(84,50): error CS0012: The type 'Singleton<>' is defined in an assembly that is not referenced. You must add a reference to assembly 'SantasWorkshop.Utilities, Version=0.0.0.0, Culture=neutral, PublicKeyToken=null'.

Assets\_Project\Tests\ResourceManagerTests.cs(93,29): error CS0012: The type 'Singleton<>' is defined in an assembly that is not referenced. You must add a reference to assembly 'SantasWorkshop.Utilities, Version=0.0.0.0, Culture=neutral, PublicKeyToken=null'.

Assets\_Project\Tests\ResourceManagerTests.cs(96,29): error CS0012: The type 'Singleton<>' is defined in an assembly that is not referenced. You must add a reference to assembly 'SantasWorkshop.Utilities, Version=0.0.0.0, Culture=neutral, PublicKeyToken=null'.

Assets\_Project\Tests\ResourceManagerTests.cs(99,49): error CS0012: The type 'Singleton<>' is defined in an assembly that is not referenced. You must add a reference to assembly 'SantasWorkshop.Utilities, Version=0.0.0.0, Culture=neutral, PublicKeyToken=null'.

Assets\_Project\Tests\ResourceManagerTests.cs(108,29): error CS0012: The type 'Singleton<>' is defined in an assembly that is not referenced. You must add a reference to assembly 'SantasWorkshop.Utilities, Version=0.0.0.0, Culture=neutral, PublicKeyToken=null'.

Assets\_Project\Tests\ResourceManagerTests.cs(111,29): error CS0012: The type 'Singleton<>' is defined in an assembly that is not referenced. You must add a reference to assembly 'SantasWorkshop.Utilities, Version=0.0.0.0, Culture=neutral, PublicKeyToken=null'.

Assets\_Project\Tests\ResourceManagerTests.cs(114,49): error CS0012: The type 'Singleton<>' is defined in an assembly that is not referenced. You must add a reference to assembly 'SantasWorkshop.Utilities, Version=0.0.0.0, Culture=neutral, PublicKeyToken=null'.

Assets\_Project\Tests\ResourceManagerTests.cs(126,29): error CS0012: The type 'Singleton<>' is defined in an assembly that is not referenced. You must add a reference to assembly 'SantasWorkshop.Utilities, Version=0.0.0.0, Culture=neutral, PublicKeyToken=null'.

Assets\_Project\Tests\ResourceManagerTests.cs(133,43): error CS0012: The type 'Singleton<>' is defined in an assembly that is not referenced. You must add a reference to assembly 'SantasWorkshop.Utilities, Version=0.0.0.0, Culture=neutral, PublicKeyToken=null'.

Assets\_Project\Tests\ResourceManagerTests.cs(137,49): error CS0012: The type 'Singleton<>' is defined in an assembly that is not referenced. You must add a reference to assembly 'SantasWorkshop.Utilities, Version=0.0.0.0, Culture=neutral, PublicKeyToken=null'.

Assets\_Project\Tests\ResourceManagerTests.cs(145,29): error CS0012: The type 'Singleton<>' is defined in an assembly that is not referenced. You must add a reference to assembly 'SantasWorkshop.Utilities, Version=0.0.0.0, Culture=neutral, PublicKeyToken=null'.

Assets\_Project\Tests\ResourceManagerTests.cs(152,43): error CS0012: The type 'Singleton<>' is defined in an assembly that is not referenced. You must add a reference to assembly 'SantasWorkshop.Utilities, Version=0.0.0.0, Culture=neutral, PublicKeyToken=null'.

Assets\_Project\Tests\ResourceManagerTests.cs(156,49): error CS0012: The type 'Singleton<>' is defined in an assembly that is not referenced. You must add a reference to assembly 'SantasWorkshop.Utilities, Version=0.0.0.0, Culture=neutral, PublicKeyToken=null'.

Assets\_Project\Tests\ResourceManagerTests.cs(164,29): error CS0012: The type 'Singleton<>' is defined in an assembly that is not referenced. You must add a reference to assembly 'SantasWorkshop.Utilities, Version=0.0.0.0, Culture=neutral, PublicKeyToken=null'.

Assets\_Project\Tests\ResourceManagerTests.cs(165,29): error CS0012: The type 'Singleton<>' is defined in an assembly that is not referenced. You must add a reference to assembly 'SantasWorkshop.Utilities, Version=0.0.0.0, Culture=neutral, PublicKeyToken=null'.

Assets\_Project\Tests\ResourceManagerTests.cs(173,43): error CS0012: The type 'Singleton<>' is defined in an assembly that is not referenced. You must add a reference to assembly 'SantasWorkshop.Utilities, Version=0.0.0.0, Culture=neutral, PublicKeyToken=null'.

Assets\_Project\Tests\ResourceManagerTests.cs(177,50): error CS0012: The type 'Singleton<>' is defined in an assembly that is not referenced. You must add a reference to assembly 'SantasWorkshop.Utilities, Version=0.0.0.0, Culture=neutral, PublicKeyToken=null'.

Assets\_Project\Tests\ResourceManagerTests.cs(179,49): error CS0012: The type 'Singleton<>' is defined in an assembly that is not referenced. You must add a reference to assembly 'SantasWorkshop.Utilities, Version=0.0.0.0, Culture=neutral, PublicKeyToken=null'.

Assets\_Project\Tests\ResourceManagerTests.cs(187,29): error CS0012: The type 'Singleton<>' is defined in an assembly that is not referenced. You must add a reference to assembly 'SantasWorkshop.Utilities, Version=0.0.0.0, Culture=neutral, PublicKeyToken=null'.

Assets\_Project\Tests\ResourceManagerTests.cs(194,43): error CS0012: The type 'Singleton<>' is defined in an assembly that is not referenced. You must add a reference to assembly 'SantasWorkshop.Utilities, Version=0.0.0.0, Culture=neutral, PublicKeyToken=null'.

Assets\_Project\Tests\ResourceManagerTests.cs(198,48): error CS0012: The type 'Singleton<>' is defined in an assembly that is not referenced. You must add a reference to assembly 'SantasWorkshop.Utilities, Version=0.0.0.0, Culture=neutral, PublicKeyToken=null'.

Assets\_Project\Tests\ResourceManagerTests.cs(209,43): error CS0012: The type 'Singleton<>' is defined in an assembly that is not referenced. You must add a reference to assembly 'SantasWorkshop.Utilities, Version=0.0.0.0, Culture=neutral, PublicKeyToken=null'.

Assets\_Project\Tests\ResourceManagerTests.cs(219,43): error CS0012: The type 'Singleton<>' is defined in an assembly that is not referenced. You must add a reference to assembly 'SantasWorkshop.Utilities, Version=0.0.0.0, Culture=neutral, PublicKeyToken=null'.

Assets\_Project\Tests\ResourceManagerTests.cs(233,29): error CS0012: The type 'Singleton<>' is defined in an assembly that is not referenced. You must add a reference to assembly 'SantasWorkshop.Utilities, Version=0.0.0.0, Culture=neutral, PublicKeyToken=null'.

Assets\_Project\Tests\ResourceManagerTests.cs(236,43): error CS0012: The type 'Singleton<>' is defined in an assembly that is not referenced. You must add a reference to assembly 'SantasWorkshop.Utilities, Version=0.0.0.0, Culture=neutral, PublicKeyToken=null'.

Assets\_Project\Tests\ResourceManagerTests.cs(246,29): error CS0012: The type 'Singleton<>' is defined in an assembly that is not referenced. You must add a reference to assembly 'SantasWorkshop.Utilities, Version=0.0.0.0, Culture=neutral, PublicKeyToken=null'.

Assets\_Project\Tests\ResourceManagerTests.cs(249,43): error CS0012: The type 'Singleton<>' is defined in an assembly that is not referenced. You must add a reference to assembly 'SantasWorkshop.Utilities, Version=0.0.0.0, Culture=neutral, PublicKeyToken=null'.

Assets\_Project\Tests\ResourceManagerTests.cs(259,29): error CS0012: The type 'Singleton<>' is defined in an assembly that is not referenced. You must add a reference to assembly 'SantasWorkshop.Utilities, Version=0.0.0.0, Culture=neutral, PublicKeyToken=null'.

Assets\_Project\Tests\ResourceManagerTests.cs(262,43): error CS0012: The type 'Singleton<>' is defined in an assembly that is not referenced. You must add a reference to assembly 'SantasWorkshop.Utilities, Version=0.0.0.0, Culture=neutral, PublicKeyToken=null'.

Assets\_Project\Tests\ResourceManagerTests.cs(272,43): error CS0012: The type 'Singleton<>' is defined in an assembly that is not referenced. You must add a reference to assembly 'SantasWorkshop.Utilities, Version=0.0.0.0, Culture=neutral, PublicKeyToken=null'.

Assets\_Project\Tests\ResourceManagerTests.cs(282,29): error CS0012: The type 'Singleton<>' is defined in an assembly that is not referenced. You must add a reference to assembly 'SantasWorkshop.Utilities, Version=0.0.0.0, Culture=neutral, PublicKeyToken=null'.

Assets\_Project\Tests\ResourceManagerTests.cs(285,43): error CS0012: The type 'Singleton<>' is defined in an assembly that is not referenced. You must add a reference to assembly 'SantasWorkshop.Utilities, Version=0.0.0.0, Culture=neutral, PublicKeyToken=null'.

Assets\_Project\Tests\ResourceManagerTests.cs(299,29): error CS0012: The type 'Singleton<>' is defined in an assembly that is not referenced. You must add a reference to assembly 'SantasWorkshop.Utilities, Version=0.0.0.0, Culture=neutral, PublicKeyToken=null'.

Assets\_Project\Tests\ResourceManagerTests.cs(302,42): error CS0012: The type 'Singleton<>' is defined in an assembly that is not referenced. You must add a reference to assembly 'SantasWorkshop.Utilities, Version=0.0.0.0, Culture=neutral, PublicKeyToken=null'.

Assets\_Project\Tests\ResourceManagerTests.cs(312,42): error CS0012: The type 'Singleton<>' is defined in an assembly that is not referenced. You must add a reference to assembly 'SantasWorkshop.Utilities, Version=0.0.0.0, Culture=neutral, PublicKeyToken=null'.

Assets\_Project\Tests\ResourceManagerTests.cs(326,29): error CS0012: The type 'Singleton<>' is defined in an assembly that is not referenced. You must add a reference to assembly 'SantasWorkshop.Utilities, Version=0.0.0.0, Culture=neutral, PublicKeyToken=null'.

Assets\_Project\Tests\ResourceManagerTests.cs(329,50): error CS0012: The type 'Singleton<>' is defined in an assembly that is not referenced. You must add a reference to assembly 'SantasWorkshop.Utilities, Version=0.0.0.0, Culture=neutral, PublicKeyToken=null'.

Assets\_Project\Tests\ResourceManagerTests.cs(337,29): error CS0012: The type 'Singleton<>' is defined in an assembly that is not referenced. You must add a reference to assembly 'SantasWorkshop.Utilities, Version=0.0.0.0, Culture=neutral, PublicKeyToken=null'.

Assets\_Project\Tests\ResourceManagerTests.cs(340,29): error CS0012: The type 'Singleton<>' is defined in an assembly that is not referenced. You must add a reference to assembly 'SantasWorkshop.Utilities, Version=0.0.0.0, Culture=neutral, PublicKeyToken=null'.

Assets\_Project\Tests\ResourceManagerTests.cs(343,50): error CS0012: The type 'Singleton<>' is defined in an assembly that is not referenced. You must add a reference to assembly 'SantasWorkshop.Utilities, Version=0.0.0.0, Culture=neutral, PublicKeyToken=null'.

Assets\_Project\Tests\ResourceManagerTests.cs(355,29): error CS0012: The type 'Singleton<>' is defined in an assembly that is not referenced. You must add a reference to assembly 'SantasWorkshop.Utilities, Version=0.0.0.0, Culture=neutral, PublicKeyToken=null'.

Assets\_Project\Tests\ResourceManagerTests.cs(356,29): error CS0012: The type 'Singleton<>' is defined in an assembly that is not referenced. You must add a reference to assembly 'SantasWorkshop.Utilities, Version=0.0.0.0, Culture=neutral, PublicKeyToken=null'.

Assets\_Project\Tests\ResourceManagerTests.cs(357,29): error CS0012: The type 'Singleton<>' is defined in an assembly that is not referenced. You must add a reference to assembly 'SantasWorkshop.Utilities, Version=0.0.0.0, Culture=neutral, PublicKeyToken=null'.

Assets\_Project\Tests\ResourceManagerTests.cs(360,41): error CS0012: The type 'Singleton<>' is defined in an assembly that is not referenced. You must add a reference to assembly 'SantasWorkshop.Utilities, Version=0.0.0.0, Culture=neutral, PublicKeyToken=null'.

Assets\_Project\Tests\ResourceManagerTests.cs(370,29): error CS0012: The type 'Singleton<>' is defined in an assembly that is not referenced. You must add a reference to assembly 'SantasWorkshop.Utilities, Version=0.0.0.0, Culture=neutral, PublicKeyToken=null'.

Assets\_Project\Tests\ResourceManagerTests.cs(371,29): error CS0012: The type 'Singleton<>' is defined in an assembly that is not referenced. You must add a reference to assembly 'SantasWorkshop.Utilities, Version=0.0.0.0, Culture=neutral, PublicKeyToken=null'.

Assets\_Project\Tests\ResourceManagerTests.cs(374,42): error CS0012: The type 'Singleton<>' is defined in an assembly that is not referenced. You must add a reference to assembly 'SantasWorkshop.Utilities, Version=0.0.0.0, Culture=neutral, PublicKeyToken=null'.

Assets\_Project\Tests\ResourceManagerTests.cs(390,29): error CS0012: The type 'Singleton<>' is defined in an assembly that is not referenced. You must add a reference to assembly 'SantasWorkshop.Utilities, Version=0.0.0.0, Culture=neutral, PublicKeyToken=null'.

Assets\_Project\Tests\ResourceManagerTests.cs(391,29): error CS0012: The type 'Singleton<>' is defined in an assembly that is not referenced. You must add a reference to assembly 'SantasWorkshop.Utilities, Version=0.0.0.0, Culture=neutral, PublicKeyToken=null'.

Assets\_Project\Tests\ResourceManagerTests.cs(394,29): error CS0012: The type 'Singleton<>' is defined in an assembly that is not referenced. You must add a reference to assembly 'SantasWorkshop.Utilities, Version=0.0.0.0, Culture=neutral, PublicKeyToken=null'.

Assets\_Project\Tests\ResourceManagerTests.cs(397,48): error CS0012: The type 'Singleton<>' is defined in an assembly that is not referenced. You must add a reference to assembly 'SantasWorkshop.Utilities, Version=0.0.0.0, Culture=neutral, PublicKeyToken=null'.

Assets\_Project\Tests\ResourceManagerTests.cs(413,29): error CS0012: The type 'Singleton<>' is defined in an assembly that is not referenced. You must add a reference to assembly 'SantasWorkshop.Utilities, Version=0.0.0.0, Culture=neutral, PublicKeyToken=null'.

Assets\_Project\Tests\ResourceManagerTests.cs(416,50): error CS0012: The type 'Singleton<>' is defined in an assembly that is not referenced. You must add a reference to assembly 'SantasWorkshop.Utilities, Version=0.0.0.0, Culture=neutral, PublicKeyToken=null'.

Assets\_Project\Tests\ResourceManagerTests.cs(418,50): error CS0012: The type 'Singleton<>' is defined in an assembly that is not referenced. You must add a reference to assembly 'SantasWorkshop.Utilities, Version=0.0.0.0, Culture=neutral, PublicKeyToken=null'.

Assets\_Project\Tests\ResourceManagerTests.cs(420,50): error CS0012: The type 'Singleton<>' is defined in an assembly that is not referenced. You must add a reference to assembly 'SantasWorkshop.Utilities, Version=0.0.0.0, Culture=neutral, PublicKeyToken=null'.
*** Tundra build failed (1.87 seconds), 70 items updated, 893 evaluated
## Script Compilation Error for: Csc Library/Bee/artifacts/1900b0aE.dag/SantasWorkshop.Tests.dll (+2 others)
## CmdLine: "C:\Program Files\Unity\Hub\Editor\6000.2.10f1\Editor\Data\NetCoreRuntime\dotnet.exe" exec "C:/Program Files/Unity/Hub/Editor/6000.2.10f1/Editor/Data/DotNetSdkRoslyn/csc.dll" /nostdlib /noconfig /shared "@Library/Bee/artifacts/1900b0aE.dag/SantasWorkshop.Tests.rsp" "@Library/Bee/artifacts/1900b0aE.dag/SantasWorkshop.Tests.rsp2"
## Output:
Assets\_Project\Tests\ResourceManagerTests.cs(22,45): error CS0311: The type 'SantasWorkshop.Core.ResourceManager' cannot be used as type parameter 'T' in the generic type or method 'GameObject.AddComponent<T>()'. There is no implicit reference conversion from 'SantasWorkshop.Core.ResourceManager' to 'UnityEngine.Component'.
Assets\_Project\Tests\ResourceManagerTests.cs(22,45): error CS0012: The type 'Singleton<>' is defined in an assembly that is not referenced. You must add a reference to assembly 'SantasWorkshop.Utilities, Version=0.0.0.0, Culture=neutral, PublicKeyToken=null'.
Assets\_Project\Tests\ResourceManagerTests.cs(45,29): error CS0012: The type 'Singleton<>' is defined in an assembly that is not referenced. You must add a reference to assembly 'SantasWorkshop.Utilities, Version=0.0.0.0, Culture=neutral, PublicKeyToken=null'.
Assets\_Project\Tests\ResourceManagerTests.cs(48,50): error CS0012: The type 'Singleton<>' is defined in an assembly that is not referenced. You must add a reference to assembly 'SantasWorkshop.Utilities, Version=0.0.0.0, Culture=neutral, PublicKeyToken=null'.
Assets\_Project\Tests\ResourceManagerTests.cs(63,29): error CS0012: The type 'Singleton<>' is defined in an assembly that is not referenced. You must add a reference to assembly 'SantasWorkshop.Utilities, Version=0.0.0.0, Culture=neutral, PublicKeyToken=null'.
Assets\_Project\Tests\ResourceManagerTests.cs(66,49): error CS0012: The type 'Singleton<>' is defined in an assembly that is not referenced. You must add a reference to assembly 'SantasWorkshop.Utilities, Version=0.0.0.0, Culture=neutral, PublicKeyToken=null'.
Assets\_Project\Tests\ResourceManagerTests.cs(68,49): error CS0012: The type 'Singleton<>' is defined in an assembly that is not referenced. You must add a reference to assembly 'SantasWorkshop.Utilities, Version=0.0.0.0, Culture=neutral, PublicKeyToken=null'.
Assets\_Project\Tests\ResourceManagerTests.cs(79,29): error CS0012: The type 'Singleton<>' is defined in an assembly that is not referenced. You must add a reference to assembly 'SantasWorkshop.Utilities, Version=0.0.0.0, Culture=neutral, PublicKeyToken=null'.
Assets\_Project\Tests\ResourceManagerTests.cs(80,29): error CS0012: The type 'Singleton<>' is defined in an assembly that is not referenced. You must add a reference to assembly 'SantasWorkshop.Utilities, Version=0.0.0.0, Culture=neutral, PublicKeyToken=null'.
Assets\_Project\Tests\ResourceManagerTests.cs(81,29): error CS0012: The type 'Singleton<>' is defined in an assembly that is not referenced. You must add a reference to assembly 'SantasWorkshop.Utilities, Version=0.0.0.0, Culture=neutral, PublicKeyToken=null'.
Assets\_Project\Tests\ResourceManagerTests.cs(84,50): error CS0012: The type 'Singleton<>' is defined in an assembly that is not referenced. You must add a reference to assembly 'SantasWorkshop.Utilities, Version=0.0.0.0, Culture=neutral, PublicKeyToken=null'.
Assets\_Project\Tests\ResourceManagerTests.cs(93,29): error CS0012: The type 'Singleton<>' is defined in an assembly that is not referenced. You must add a reference to assembly 'SantasWorkshop.Utilities, Version=0.0.0.0, Culture=neutral, PublicKeyToken=null'.
Assets\_Project\Tests\ResourceManagerTests.cs(96,29): error CS0012: The type 'Singleton<>' is defined in an assembly that is not referenced. You must add a reference to assembly 'SantasWorkshop.Utilities, Version=0.0.0.0, Culture=neutral, PublicKeyToken=null'.
Assets\_Project\Tests\ResourceManagerTests.cs(99,49): error CS0012: The type 'Singleton<>' is defined in an assembly that is not referenced. You must add a reference to assembly 'SantasWorkshop.Utilities, Version=0.0.0.0, Culture=neutral, PublicKeyToken=null'.
Assets\_Project\Tests\ResourceManagerTests.cs(108,29): error CS0012: The type 'Singleton<>' is defined in an assembly that is not referenced. You must add a reference to assembly 'SantasWorkshop.Utilities, Version=0.0.0.0, Culture=neutral, PublicKeyToken=null'.
Assets\_Project\Tests\ResourceManagerTests.cs(111,29): error CS0012: The type 'Singleton<>' is defined in an assembly that is not referenced. You must add a reference to assembly 'SantasWorkshop.Utilities, Version=0.0.0.0, Culture=neutral, PublicKeyToken=null'.
Assets\_Project\Tests\ResourceManagerTests.cs(114,49): error CS0012: The type 'Singleton<>' is defined in an assembly that is not referenced. You must add a reference to assembly 'SantasWorkshop.Utilities, Version=0.0.0.0, Culture=neutral, PublicKeyToken=null'.
Assets\_Project\Tests\ResourceManagerTests.cs(126,29): error CS0012: The type 'Singleton<>' is defined in an assembly that is not referenced. You must add a reference to assembly 'SantasWorkshop.Utilities, Version=0.0.0.0, Culture=neutral, PublicKeyToken=null'.
Assets\_Project\Tests\ResourceManagerTests.cs(133,43): error CS0012: The type 'Singleton<>' is defined in an assembly that is not referenced. You must add a reference to assembly 'SantasWorkshop.Utilities, Version=0.0.0.0, Culture=neutral, PublicKeyToken=null'.
Assets\_Project\Tests\ResourceManagerTests.cs(137,49): error CS0012: The type 'Singleton<>' is defined in an assembly that is not referenced. You must add a reference to assembly 'SantasWorkshop.Utilities, Version=0.0.0.0, Culture=neutral, PublicKeyToken=null'.
Assets\_Project\Tests\ResourceManagerTests.cs(145,29): error CS0012: The type 'Singleton<>' is defined in an assembly that is not referenced. You must add a reference to assembly 'SantasWorkshop.Utilities, Version=0.0.0.0, Culture=neutral, PublicKeyToken=null'.
Assets\_Project\Tests\ResourceManagerTests.cs(152,43): error CS0012: The type 'Singleton<>' is defined in an assembly that is not referenced. You must add a reference to assembly 'SantasWorkshop.Utilities, Version=0.0.0.0, Culture=neutral, PublicKeyToken=null'.
Assets\_Project\Tests\ResourceManagerTests.cs(156,49): error CS0012: The type 'Singleton<>' is defined in an assembly that is not referenced. You must add a reference to assembly 'SantasWorkshop.Utilities, Version=0.0.0.0, Culture=neutral, PublicKeyToken=null'.
Assets\_Project\Tests\ResourceManagerTests.cs(164,29): error CS0012: The type 'Singleton<>' is defined in an assembly that is not referenced. You must add a reference to assembly 'SantasWorkshop.Utilities, Version=0.0.0.0, Culture=neutral, PublicKeyToken=null'.
Assets\_Project\Tests\ResourceManagerTests.cs(165,29): error CS0012: The type 'Singleton<>' is defined in an assembly that is not referenced. You must add a reference to assembly 'SantasWorkshop.Utilities, Version=0.0.0.0, Culture=neutral, PublicKeyToken=null'.
Assets\_Project\Tests\ResourceManagerTests.cs(173,43): error CS0012: The type 'Singleton<>' is defined in an assembly that is not referenced. You must add a reference to assembly 'SantasWorkshop.Utilities, Version=0.0.0.0, Culture=neutral, PublicKeyToken=null'.
Assets\_Project\Tests\ResourceManagerTests.cs(177,50): error CS0012: The type 'Singleton<>' is defined in an assembly that is not referenced. You must add a reference to assembly 'SantasWorkshop.Utilities, Version=0.0.0.0, Culture=neutral, PublicKeyToken=null'.
Assets\_Project\Tests\ResourceManagerTests.cs(179,49): error CS0012: The type 'Singleton<>' is defined in an assembly that is not referenced. You must add a reference to assembly 'SantasWorkshop.Utilities, Version=0.0.0.0, Culture=neutral, PublicKeyToken=null'.
Assets\_Project\Tests\ResourceManagerTests.cs(187,29): error CS0012: The type 'Singleton<>' is defined in an assembly that is not referenced. You must add a reference to assembly 'SantasWorkshop.Utilities, Version=0.0.0.0, Culture=neutral, PublicKeyToken=null'.
Assets\_Project\Tests\ResourceManagerTests.cs(194,43): error CS0012: The type 'Singleton<>' is defined in an assembly that is not referenced. You must add a reference to assembly 'SantasWorkshop.Utilities, Version=0.0.0.0, Culture=neutral, PublicKeyToken=null'.
Assets\_Project\Tests\ResourceManagerTests.cs(198,48): error CS0012: The type 'Singleton<>' is defined in an assembly that is not referenced. You must add a reference to assembly 'SantasWorkshop.Utilities, Version=0.0.0.0, Culture=neutral, PublicKeyToken=null'.
Assets\_Project\Tests\ResourceManagerTests.cs(209,43): error CS0012: The type 'Singleton<>' is defined in an assembly that is not referenced. You must add a reference to assembly 'SantasWorkshop.Utilities, Version=0.0.0.0, Culture=neutral, PublicKeyToken=null'.
Assets\_Project\Tests\ResourceManagerTests.cs(219,43): error CS0012: The type 'Singleton<>' is defined in an assembly that is not referenced. You must add a reference to assembly 'SantasWorkshop.Utilities, Version=0.0.0.0, Culture=neutral, PublicKeyToken=null'.
Assets\_Project\Tests\ResourceManagerTests.cs(233,29): error CS0012: The type 'Singleton<>' is defined in an assembly that is not referenced. You must add a reference to assembly 'SantasWorkshop.Utilities, Version=0.0.0.0, Culture=neutral, PublicKeyToken=null'.
Assets\_Project\Tests\ResourceManagerTests.cs(236,43): error CS0012: The type 'Singleton<>' is defined in an assembly that is not referenced. You must add a reference to assembly 'SantasWorkshop.Utilities, Version=0.0.0.0, Culture=neutral, PublicKeyToken=null'.
Assets\_Project\Tests\ResourceManagerTests.cs(246,29): error CS0012: The type 'Singleton<>' is defined in an assembly that is not referenced. You must add a reference to assembly 'SantasWorkshop.Utilities, Version=0.0.0.0, Culture=neutral, PublicKeyToken=null'.
Assets\_Project\Tests\ResourceManagerTests.cs(249,43): error CS0012: The type 'Singleton<>' is defined in an assembly that is not referenced. You must add a reference to assembly 'SantasWorkshop.Utilities, Version=0.0.0.0, Culture=neutral, PublicKeyToken=null'.
Assets\_Project\Tests\ResourceManagerTests.cs(259,29): error CS0012: The type 'Singleton<>' is defined in an assembly that is not referenced. You must add a reference to assembly 'SantasWorkshop.Utilities, Version=0.0.0.0, Culture=neutral, PublicKeyToken=null'.
Assets\_Project\Tests\ResourceManagerTests.cs(262,43): error CS0012: The type 'Singleton<>' is defined in an assembly that is not referenced. You must add a reference to assembly 'SantasWorkshop.Utilities, Version=0.0.0.0, Culture=neutral, PublicKeyToken=null'.
Assets\_Project\Tests\ResourceManagerTests.cs(272,43): error CS0012: The type 'Singleton<>' is defined in an assembly that is not referenced. You must add a reference to assembly 'SantasWorkshop.Utilities, Version=0.0.0.0, Culture=neutral, PublicKeyToken=null'.
Assets\_Project\Tests\ResourceManagerTests.cs(282,29): error CS0012: The type 'Singleton<>' is defined in an assembly that is not referenced. You must add a reference to assembly 'SantasWorkshop.Utilities, Version=0.0.0.0, Culture=neutral, PublicKeyToken=null'.
Assets\_Project\Tests\ResourceManagerTests.cs(285,43): error CS0012: The type 'Singleton<>' is defined in an assembly that is not referenced. You must add a reference to assembly 'SantasWorkshop.Utilities, Version=0.0.0.0, Culture=neutral, PublicKeyToken=null'.
Assets\_Project\Tests\ResourceManagerTests.cs(299,29): error CS0012: The type 'Singleton<>' is defined in an assembly that is not referenced. You must add a reference to assembly 'SantasWorkshop.Utilities, Version=0.0.0.0, Culture=neutral, PublicKeyToken=null'.
Assets\_Project\Tests\ResourceManagerTests.cs(302,42): error CS0012: The type 'Singleton<>' is defined in an assembly that is not referenced. You must add a reference to assembly 'SantasWorkshop.Utilities, Version=0.0.0.0, Culture=neutral, PublicKeyToken=null'.
Assets\_Project\Tests\ResourceManagerTests.cs(312,42): error CS0012: The type 'Singleton<>' is defined in an assembly that is not referenced. You must add a reference to assembly 'SantasWorkshop.Utilities, Version=0.0.0.0, Culture=neutral, PublicKeyToken=null'.
Assets\_Project\Tests\ResourceManagerTests.cs(326,29): error CS0012: The type 'Singleton<>' is defined in an assembly that is not referenced. You must add a reference to assembly 'SantasWorkshop.Utilities, Version=0.0.0.0, Culture=neutral, PublicKeyToken=null'.
Assets\_Project\Tests\ResourceManagerTests.cs(329,50): error CS0012: The type 'Singleton<>' is defined in an assembly that is not referenced. You must add a reference to assembly 'SantasWorkshop.Utilities, Version=0.0.0.0, Culture=neutral, PublicKeyToken=null'.
Assets\_Project\Tests\ResourceManagerTests.cs(337,29): error CS0012: The type 'Singleton<>' is defined in an assembly that is not referenced. You must add a reference to assembly 'SantasWorkshop.Utilities, Version=0.0.0.0, Culture=neutral, PublicKeyToken=null'.
Assets\_Project\Tests\ResourceManagerTests.cs(340,29): error CS0012: The type 'Singleton<>' is defined in an assembly that is not referenced. You must add a reference to assembly 'SantasWorkshop.Utilities, Version=0.0.0.0, Culture=neutral, PublicKeyToken=null'.
Assets\_Project\Tests\ResourceManagerTests.cs(343,50): error CS0012: The type 'Singleton<>' is defined in an assembly that is not referenced. You must add a reference to assembly 'SantasWorkshop.Utilities, Version=0.0.0.0, Culture=neutral, PublicKeyToken=null'.
Assets\_Project\Tests\ResourceManagerTests.cs(355,29): error CS0012: The type 'Singleton<>' is defined in an assembly that is not referenced. You must add a reference to assembly 'SantasWorkshop.Utilities, Version=0.0.0.0, Culture=neutral, PublicKeyToken=null'.
Assets\_Project\Tests\ResourceManagerTests.cs(356,29): error CS0012: The type 'Singleton<>' is defined in an assembly that is not referenced. You must add a reference to assembly 'SantasWorkshop.Utilities, Version=0.0.0.0, Culture=neutral, PublicKeyToken=null'.
Assets\_Project\Tests\ResourceManagerTests.cs(357,29): error CS0012: The type 'Singleton<>' is defined in an assembly that is not referenced. You must add a reference to assembly 'SantasWorkshop.Utilities, Version=0.0.0.0, Culture=neutral, PublicKeyToken=null'.
Assets\_Project\Tests\ResourceManagerTests.cs(360,41): error CS0012: The type 'Singleton<>' is defined in an assembly that is not referenced. You must add a reference to assembly 'SantasWorkshop.Utilities, Version=0.0.0.0, Culture=neutral, PublicKeyToken=null'.
Assets\_Project\Tests\ResourceManagerTests.cs(370,29): error CS0012: The type 'Singleton<>' is defined in an assembly that is not referenced. You must add a reference to assembly 'SantasWorkshop.Utilities, Version=0.0.0.0, Culture=neutral, PublicKeyToken=null'.
Assets\_Project\Tests\ResourceManagerTests.cs(371,29): error CS0012: The type 'Singleton<>' is defined in an assembly that is not referenced. You must add a reference to assembly 'SantasWorkshop.Utilities, Version=0.0.0.0, Culture=neutral, PublicKeyToken=null'.
Assets\_Project\Tests\ResourceManagerTests.cs(374,42): error CS0012: The type 'Singleton<>' is defined in an assembly that is not referenced. You must add a reference to assembly 'SantasWorkshop.Utilities, Version=0.0.0.0, Culture=neutral, PublicKeyToken=null'.
Assets\_Project\Tests\ResourceManagerTests.cs(390,29): error CS0012: The type 'Singleton<>' is defined in an assembly that is not referenced. You must add a reference to assembly 'SantasWorkshop.Utilities, Version=0.0.0.0, Culture=neutral, PublicKeyToken=null'.
Assets\_Project\Tests\ResourceManagerTests.cs(391,29): error CS0012: The type 'Singleton<>' is defined in an assembly that is not referenced. You must add a reference to assembly 'SantasWorkshop.Utilities, Version=0.0.0.0, Culture=neutral, PublicKeyToken=null'.
Assets\_Project\Tests\ResourceManagerTests.cs(394,29): error CS0012: The type 'Singleton<>' is defined in an assembly that is not referenced. You must add a reference to assembly 'SantasWorkshop.Utilities, Version=0.0.0.0, Culture=neutral, PublicKeyToken=null'.
Assets\_Project\Tests\ResourceManagerTests.cs(397,48): error CS0012: The type 'Singleton<>' is defined in an assembly that is not referenced. You must add a reference to assembly 'SantasWorkshop.Utilities, Version=0.0.0.0, Culture=neutral, PublicKeyToken=null'.
Assets\_Project\Tests\ResourceManagerTests.cs(413,29): error CS0012: The type 'Singleton<>' is defined in an assembly that is not referenced. You must add a reference to assembly 'SantasWorkshop.Utilities, Version=0.0.0.0, Culture=neutral, PublicKeyToken=null'.
Assets\_Project\Tests\ResourceManagerTests.cs(416,50): error CS0012: The type 'Singleton<>' is defined in an assembly that is not referenced. You must add a reference to assembly 'SantasWorkshop.Utilities, Version=0.0.0.0, Culture=neutral, PublicKeyToken=null'.
Assets\_Project\Tests\ResourceManagerTests.cs(418,50): error CS0012: The type 'Singleton<>' is defined in an assembly that is not referenced. You must add a reference to assembly 'SantasWorkshop.Utilities, Version=0.0.0.0, Culture=neutral, PublicKeyToken=null'.
Assets\_Project\Tests\ResourceManagerTests.cs(420,50): error CS0012: The type 'Singleton<>' is defined in an assembly that is not referenced. You must add a reference to assembly 'SantasWorkshop.Utilities, Version=0.0.0.0, Culture=neutral, PublicKeyToken=null'.

Assets\_Project\Scripts\Utilities\Singleton.cs(33,37): warning CS0618: 'Object.FindObjectOfType<T>()' is obsolete: 'Object.FindObjectOfType has been deprecated. Use Object.FindFirstObjectByType instead or if finding any instance is acceptable the faster Object.FindAnyObjectByType'
Assets\_Project\Scripts\Editor\BuildConfiguration.cs(28,13): warning CS0618: 'PlayerSettings.SetArchitecture(BuildTargetGroup, int)' is obsolete: 'Use SetArchitecture(NamedBuildTarget buildTarget, int architecture) instead'
Assets\_Project\Scripts\Editor\BuildConfiguration.cs(56,13): warning CS0618: 'PlayerSettings.SetScriptingBackend(BuildTargetGroup, ScriptingImplementation)' is obsolete: 'Use SetScriptingBackend(NamedBuildTarget buildTarget, ScriptingImplementation backend) instead'
Assets\_Project\Scripts\Editor\BuildConfiguration.cs(62,13): warning CS0618: 'PlayerSettings.SetManagedStrippingLevel(BuildTargetGroup, ManagedStrippingLevel)' is obsolete: 'Use SetManagedStrippingLevel(NamedBuildTarget buildTarget, ManagedStrippingLevel level) instead'
Assets\_Project\Scripts\Editor\BuildConfiguration.cs(95,13): warning CS0618: 'PlayerSettings.SetScriptingBackend(BuildTargetGroup, ScriptingImplementation)' is obsolete: 'Use SetScriptingBackend(NamedBuildTarget buildTarget, ScriptingImplementation backend) instead'
Assets\_Project\Scripts\Editor\BuildConfiguration.cs(101,13): warning CS0618: 'PlayerSettings.SetManagedStrippingLevel(BuildTargetGroup, ManagedStrippingLevel)' is obsolete: 'Use SetManagedStrippingLevel(NamedBuildTarget buildTarget, ManagedStrippingLevel level) instead'
Assets\_Project\Scripts\Editor\BuildConfiguration.cs(107,13): warning CS0618: 'PlayerSettings.SetIl2CppCompilerConfiguration(BuildTargetGroup, Il2CppCompilerConfiguration)' is obsolete: 'Use SetIl2CppCompilerConfiguration(NamedBuildTarget buildTarget, Il2CppCompilerConfiguration configuration) instead'
Assets\_Project\Tests\ResourceManagerTests.cs(22,45): error CS0311: The type 'SantasWorkshop.Core.ResourceManager' cannot be used as type parameter 'T' in the generic type or method 'GameObject.AddComponent<T>()'. There is no implicit reference conversion from 'SantasWorkshop.Core.ResourceManager' to 'UnityEngine.Component'.
Assets\_Project\Tests\ResourceManagerTests.cs(22,45): error CS0012: The type 'Singleton<>' is defined in an assembly that is not referenced. You must add a reference to assembly 'SantasWorkshop.Utilities, Version=0.0.0.0, Culture=neutral, PublicKeyToken=null'.
Assets\_Project\Tests\ResourceManagerTests.cs(45,29): error CS0012: The type 'Singleton<>' is defined in an assembly that is not referenced. You must add a reference to assembly 'SantasWorkshop.Utilities, Version=0.0.0.0, Culture=neutral, PublicKeyToken=null'.
Assets\_Project\Tests\ResourceManagerTests.cs(48,50): error CS0012: The type 'Singleton<>' is defined in an assembly that is not referenced. You must add a reference to assembly 'SantasWorkshop.Utilities, Version=0.0.0.0, Culture=neutral, PublicKeyToken=null'.
Assets\_Project\Tests\ResourceManagerTests.cs(63,29): error CS0012: The type 'Singleton<>' is defined in an assembly that is not referenced. You must add a reference to assembly 'SantasWorkshop.Utilities, Version=0.0.0.0, Culture=neutral, PublicKeyToken=null'.
Assets\_Project\Tests\ResourceManagerTests.cs(66,49): error CS0012: The type 'Singleton<>' is defined in an assembly that is not referenced. You must add a reference to assembly 'SantasWorkshop.Utilities, Version=0.0.0.0, Culture=neutral, PublicKeyToken=null'.
Assets\_Project\Tests\ResourceManagerTests.cs(68,49): error CS0012: The type 'Singleton<>' is defined in an assembly that is not referenced. You must add a reference to assembly 'SantasWorkshop.Utilities, Version=0.0.0.0, Culture=neutral, PublicKeyToken=null'.
Assets\_Project\Tests\ResourceManagerTests.cs(79,29): error CS0012: The type 'Singleton<>' is defined in an assembly that is not referenced. You must add a reference to assembly 'SantasWorkshop.Utilities, Version=0.0.0.0, Culture=neutral, PublicKeyToken=null'.
Assets\_Project\Tests\ResourceManagerTests.cs(80,29): error CS0012: The type 'Singleton<>' is defined in an assembly that is not referenced. You must add a reference to assembly 'SantasWorkshop.Utilities, Version=0.0.0.0, Culture=neutral, PublicKeyToken=null'.
Assets\_Project\Tests\ResourceManagerTests.cs(81,29): error CS0012: The type 'Singleton<>' is defined in an assembly that is not referenced. You must add a reference to assembly 'SantasWorkshop.Utilities, Version=0.0.0.0, Culture=neutral, PublicKeyToken=null'.
Assets\_Project\Tests\ResourceManagerTests.cs(84,50): error CS0012: The type 'Singleton<>' is defined in an assembly that is not referenced. You must add a reference to assembly 'SantasWorkshop.Utilities, Version=0.0.0.0, Culture=neutral, PublicKeyToken=null'.
Assets\_Project\Tests\ResourceManagerTests.cs(93,29): error CS0012: The type 'Singleton<>' is defined in an assembly that is not referenced. You must add a reference to assembly 'SantasWorkshop.Utilities, Version=0.0.0.0, Culture=neutral, PublicKeyToken=null'.
Assets\_Project\Tests\ResourceManagerTests.cs(96,29): error CS0012: The type 'Singleton<>' is defined in an assembly that is not referenced. You must add a reference to assembly 'SantasWorkshop.Utilities, Version=0.0.0.0, Culture=neutral, PublicKeyToken=null'.
Assets\_Project\Tests\ResourceManagerTests.cs(99,49): error CS0012: The type 'Singleton<>' is defined in an assembly that is not referenced. You must add a reference to assembly 'SantasWorkshop.Utilities, Version=0.0.0.0, Culture=neutral, PublicKeyToken=null'.
Assets\_Project\Tests\ResourceManagerTests.cs(108,29): error CS0012: The type 'Singleton<>' is defined in an assembly that is not referenced. You must add a reference to assembly 'SantasWorkshop.Utilities, Version=0.0.0.0, Culture=neutral, PublicKeyToken=null'.
Assets\_Project\Tests\ResourceManagerTests.cs(111,29): error CS0012: The type 'Singleton<>' is defined in an assembly that is not referenced. You must add a reference to assembly 'SantasWorkshop.Utilities, Version=0.0.0.0, Culture=neutral, PublicKeyToken=null'.
Assets\_Project\Tests\ResourceManagerTests.cs(114,49): error CS0012: The type 'Singleton<>' is defined in an assembly that is not referenced. You must add a reference to assembly 'SantasWorkshop.Utilities, Version=0.0.0.0, Culture=neutral, PublicKeyToken=null'.
Assets\_Project\Tests\ResourceManagerTests.cs(126,29): error CS0012: The type 'Singleton<>' is defined in an assembly that is not referenced. You must add a reference to assembly 'SantasWorkshop.Utilities, Version=0.0.0.0, Culture=neutral, PublicKeyToken=null'.
Assets\_Project\Tests\ResourceManagerTests.cs(133,43): error CS0012: The type 'Singleton<>' is defined in an assembly that is not referenced. You must add a reference to assembly 'SantasWorkshop.Utilities, Version=0.0.0.0, Culture=neutral, PublicKeyToken=null'.
Assets\_Project\Tests\ResourceManagerTests.cs(137,49): error CS0012: The type 'Singleton<>' is defined in an assembly that is not referenced. You must add a reference to assembly 'SantasWorkshop.Utilities, Version=0.0.0.0, Culture=neutral, PublicKeyToken=null'.
Assets\_Project\Tests\ResourceManagerTests.cs(145,29): error CS0012: The type 'Singleton<>' is defined in an assembly that is not referenced. You must add a reference to assembly 'SantasWorkshop.Utilities, Version=0.0.0.0, Culture=neutral, PublicKeyToken=null'.
Assets\_Project\Tests\ResourceManagerTests.cs(152,43): error CS0012: The type 'Singleton<>' is defined in an assembly that is not referenced. You must add a reference to assembly 'SantasWorkshop.Utilities, Version=0.0.0.0, Culture=neutral, PublicKeyToken=null'.
Assets\_Project\Tests\ResourceManagerTests.cs(156,49): error CS0012: The type 'Singleton<>' is defined in an assembly that is not referenced. You must add a reference to assembly 'SantasWorkshop.Utilities, Version=0.0.0.0, Culture=neutral, PublicKeyToken=null'.
Assets\_Project\Tests\ResourceManagerTests.cs(164,29): error CS0012: The type 'Singleton<>' is defined in an assembly that is not referenced. You must add a reference to assembly 'SantasWorkshop.Utilities, Version=0.0.0.0, Culture=neutral, PublicKeyToken=null'.
Assets\_Project\Tests\ResourceManagerTests.cs(165,29): error CS0012: The type 'Singleton<>' is defined in an assembly that is not referenced. You must add a reference to assembly 'SantasWorkshop.Utilities, Version=0.0.0.0, Culture=neutral, PublicKeyToken=null'.
Assets\_Project\Tests\ResourceManagerTests.cs(173,43): error CS0012: The type 'Singleton<>' is defined in an assembly that is not referenced. You must add a reference to assembly 'SantasWorkshop.Utilities, Version=0.0.0.0, Culture=neutral, PublicKeyToken=null'.
Assets\_Project\Tests\ResourceManagerTests.cs(177,50): error CS0012: The type 'Singleton<>' is defined in an assembly that is not referenced. You must add a reference to assembly 'SantasWorkshop.Utilities, Version=0.0.0.0, Culture=neutral, PublicKeyToken=null'.
Assets\_Project\Tests\ResourceManagerTests.cs(179,49): error CS0012: The type 'Singleton<>' is defined in an assembly that is not referenced. You must add a reference to assembly 'SantasWorkshop.Utilities, Version=0.0.0.0, Culture=neutral, PublicKeyToken=null'.
Assets\_Project\Tests\ResourceManagerTests.cs(187,29): error CS0012: The type 'Singleton<>' is defined in an assembly that is not referenced. You must add a reference to assembly 'SantasWorkshop.Utilities, Version=0.0.0.0, Culture=neutral, PublicKeyToken=null'.
Assets\_Project\Tests\ResourceManagerTests.cs(194,43): error CS0012: The type 'Singleton<>' is defined in an assembly that is not referenced. You must add a reference to assembly 'SantasWorkshop.Utilities, Version=0.0.0.0, Culture=neutral, PublicKeyToken=null'.
Assets\_Project\Tests\ResourceManagerTests.cs(198,48): error CS0012: The type 'Singleton<>' is defined in an assembly that is not referenced. You must add a reference to assembly 'SantasWorkshop.Utilities, Version=0.0.0.0, Culture=neutral, PublicKeyToken=null'.
Assets\_Project\Tests\ResourceManagerTests.cs(209,43): error CS0012: The type 'Singleton<>' is defined in an assembly that is not referenced. You must add a reference to assembly 'SantasWorkshop.Utilities, Version=0.0.0.0, Culture=neutral, PublicKeyToken=null'.
Assets\_Project\Tests\ResourceManagerTests.cs(219,43): error CS0012: The type 'Singleton<>' is defined in an assembly that is not referenced. You must add a reference to assembly 'SantasWorkshop.Utilities, Version=0.0.0.0, Culture=neutral, PublicKeyToken=null'.
Assets\_Project\Tests\ResourceManagerTests.cs(233,29): error CS0012: The type 'Singleton<>' is defined in an assembly that is not referenced. You must add a reference to assembly 'SantasWorkshop.Utilities, Version=0.0.0.0, Culture=neutral, PublicKeyToken=null'.
Assets\_Project\Tests\ResourceManagerTests.cs(236,43): error CS0012: The type 'Singleton<>' is defined in an assembly that is not referenced. You must add a reference to assembly 'SantasWorkshop.Utilities, Version=0.0.0.0, Culture=neutral, PublicKeyToken=null'.
Assets\_Project\Tests\ResourceManagerTests.cs(246,29): error CS0012: The type 'Singleton<>' is defined in an assembly that is not referenced. You must add a reference to assembly 'SantasWorkshop.Utilities, Version=0.0.0.0, Culture=neutral, PublicKeyToken=null'.
Assets\_Project\Tests\ResourceManagerTests.cs(249,43): error CS0012: The type 'Singleton<>' is defined in an assembly that is not referenced. You must add a reference to assembly 'SantasWorkshop.Utilities, Version=0.0.0.0, Culture=neutral, PublicKeyToken=null'.
Assets\_Project\Tests\ResourceManagerTests.cs(259,29): error CS0012: The type 'Singleton<>' is defined in an assembly that is not referenced. You must add a reference to assembly 'SantasWorkshop.Utilities, Version=0.0.0.0, Culture=neutral, PublicKeyToken=null'.
Assets\_Project\Tests\ResourceManagerTests.cs(262,43): error CS0012: The type 'Singleton<>' is defined in an assembly that is not referenced. You must add a reference to assembly 'SantasWorkshop.Utilities, Version=0.0.0.0, Culture=neutral, PublicKeyToken=null'.
Assets\_Project\Tests\ResourceManagerTests.cs(272,43): error CS0012: The type 'Singleton<>' is defined in an assembly that is not referenced. You must add a reference to assembly 'SantasWorkshop.Utilities, Version=0.0.0.0, Culture=neutral, PublicKeyToken=null'.
Assets\_Project\Tests\ResourceManagerTests.cs(282,29): error CS0012: The type 'Singleton<>' is defined in an assembly that is not referenced. You must add a reference to assembly 'SantasWorkshop.Utilities, Version=0.0.0.0, Culture=neutral, PublicKeyToken=null'.
Assets\_Project\Tests\ResourceManagerTests.cs(285,43): error CS0012: The type 'Singleton<>' is defined in an assembly that is not referenced. You must add a reference to assembly 'SantasWorkshop.Utilities, Version=0.0.0.0, Culture=neutral, PublicKeyToken=null'.
Assets\_Project\Tests\ResourceManagerTests.cs(299,29): error CS0012: The type 'Singleton<>' is defined in an assembly that is not referenced. You must add a reference to assembly 'SantasWorkshop.Utilities, Version=0.0.0.0, Culture=neutral, PublicKeyToken=null'.
Assets\_Project\Tests\ResourceManagerTests.cs(302,42): error CS0012: The type 'Singleton<>' is defined in an assembly that is not referenced. You must add a reference to assembly 'SantasWorkshop.Utilities, Version=0.0.0.0, Culture=neutral, PublicKeyToken=null'.
Assets\_Project\Tests\ResourceManagerTests.cs(312,42): error CS0012: The type 'Singleton<>' is defined in an assembly that is not referenced. You must add a reference to assembly 'SantasWorkshop.Utilities, Version=0.0.0.0, Culture=neutral, PublicKeyToken=null'.
Assets\_Project\Tests\ResourceManagerTests.cs(326,29): error CS0012: The type 'Singleton<>' is defined in an assembly that is not referenced. You must add a reference to assembly 'SantasWorkshop.Utilities, Version=0.0.0.0, Culture=neutral, PublicKeyToken=null'.
Assets\_Project\Tests\ResourceManagerTests.cs(329,50): error CS0012: The type 'Singleton<>' is defined in an assembly that is not referenced. You must add a reference to assembly 'SantasWorkshop.Utilities, Version=0.0.0.0, Culture=neutral, PublicKeyToken=null'.
Assets\_Project\Tests\ResourceManagerTests.cs(337,29): error CS0012: The type 'Singleton<>' is defined in an assembly that is not referenced. You must add a reference to assembly 'SantasWorkshop.Utilities, Version=0.0.0.0, Culture=neutral, PublicKeyToken=null'.
Assets\_Project\Tests\ResourceManagerTests.cs(340,29): error CS0012: The type 'Singleton<>' is defined in an assembly that is not referenced. You must add a reference to assembly 'SantasWorkshop.Utilities, Version=0.0.0.0, Culture=neutral, PublicKeyToken=null'.
Assets\_Project\Tests\ResourceManagerTests.cs(343,50): error CS0012: The type 'Singleton<>' is defined in an assembly that is not referenced. You must add a reference to assembly 'SantasWorkshop.Utilities, Version=0.0.0.0, Culture=neutral, PublicKeyToken=null'.
Assets\_Project\Tests\ResourceManagerTests.cs(355,29): error CS0012: The type 'Singleton<>' is defined in an assembly that is not referenced. You must add a reference to assembly 'SantasWorkshop.Utilities, Version=0.0.0.0, Culture=neutral, PublicKeyToken=null'.
Assets\_Project\Tests\ResourceManagerTests.cs(356,29): error CS0012: The type 'Singleton<>' is defined in an assembly that is not referenced. You must add a reference to assembly 'SantasWorkshop.Utilities, Version=0.0.0.0, Culture=neutral, PublicKeyToken=null'.
Assets\_Project\Tests\ResourceManagerTests.cs(357,29): error CS0012: The type 'Singleton<>' is defined in an assembly that is not referenced. You must add a reference to assembly 'SantasWorkshop.Utilities, Version=0.0.0.0, Culture=neutral, PublicKeyToken=null'.
Assets\_Project\Tests\ResourceManagerTests.cs(360,41): error CS0012: The type 'Singleton<>' is defined in an assembly that is not referenced. You must add a reference to assembly 'SantasWorkshop.Utilities, Version=0.0.0.0, Culture=neutral, PublicKeyToken=null'.
Assets\_Project\Tests\ResourceManagerTests.cs(370,29): error CS0012: The type 'Singleton<>' is defined in an assembly that is not referenced. You must add a reference to assembly 'SantasWorkshop.Utilities, Version=0.0.0.0, Culture=neutral, PublicKeyToken=null'.
Assets\_Project\Tests\ResourceManagerTests.cs(371,29): error CS0012: The type 'Singleton<>' is defined in an assembly that is not referenced. You must add a reference to assembly 'SantasWorkshop.Utilities, Version=0.0.0.0, Culture=neutral, PublicKeyToken=null'.
Assets\_Project\Tests\ResourceManagerTests.cs(374,42): error CS0012: The type 'Singleton<>' is defined in an assembly that is not referenced. You must add a reference to assembly 'SantasWorkshop.Utilities, Version=0.0.0.0, Culture=neutral, PublicKeyToken=null'.
Assets\_Project\Tests\ResourceManagerTests.cs(390,29): error CS0012: The type 'Singleton<>' is defined in an assembly that is not referenced. You must add a reference to assembly 'SantasWorkshop.Utilities, Version=0.0.0.0, Culture=neutral, PublicKeyToken=null'.
Assets\_Project\Tests\ResourceManagerTests.cs(391,29): error CS0012: The type 'Singleton<>' is defined in an assembly that is not referenced. You must add a reference to assembly 'SantasWorkshop.Utilities, Version=0.0.0.0, Culture=neutral, PublicKeyToken=null'.
Assets\_Project\Tests\ResourceManagerTests.cs(394,29): error CS0012: The type 'Singleton<>' is defined in an assembly that is not referenced. You must add a reference to assembly 'SantasWorkshop.Utilities, Version=0.0.0.0, Culture=neutral, PublicKeyToken=null'.
Assets\_Project\Tests\ResourceManagerTests.cs(397,48): error CS0012: The type 'Singleton<>' is defined in an assembly that is not referenced. You must add a reference to assembly 'SantasWorkshop.Utilities, Version=0.0.0.0, Culture=neutral, PublicKeyToken=null'.
Assets\_Project\Tests\ResourceManagerTests.cs(413,29): error CS0012: The type 'Singleton<>' is defined in an assembly that is not referenced. You must add a reference to assembly 'SantasWorkshop.Utilities, Version=0.0.0.0, Culture=neutral, PublicKeyToken=null'.
Assets\_Project\Tests\ResourceManagerTests.cs(416,50): error CS0012: The type 'Singleton<>' is defined in an assembly that is not referenced. You must add a reference to assembly 'SantasWorkshop.Utilities, Version=0.0.0.0, Culture=neutral, PublicKeyToken=null'.
Assets\_Project\Tests\ResourceManagerTests.cs(418,50): error CS0012: The type 'Singleton<>' is defined in an assembly that is not referenced. You must add a reference to assembly 'SantasWorkshop.Utilities, Version=0.0.0.0, Culture=neutral, PublicKeyToken=null'.
Assets\_Project\Tests\ResourceManagerTests.cs(420,50): error CS0012: The type 'Singleton<>' is defined in an assembly that is not referenced. You must add a reference to assembly 'SantasWorkshop.Utilities, Version=0.0.0.0, Culture=neutral, PublicKeyToken=null'.
AssetDatabase: script compilation time: 2.846245s
Scripts have compiler errors.
Exiting without the bug reporter. Application will terminate with return code 1